mode: set
github.com/NortonBen/ai-memory-go/main.go:12.13,29.2 8 0
github.com/NortonBen/ai-memory-go/cmd/ai-memory-cli/main.go:9.13,10.38 1 0
github.com/NortonBen/ai-memory-go/cmd/ai-memory-cli/main.go:10.38,12.3 1 0
github.com/NortonBen/ai-memory-go/examples/agent_memory_loop/main.go:21.13,80.36 28 0
github.com/NortonBen/ai-memory-go/examples/agent_memory_loop/main.go:80.36,86.31 3 0
github.com/NortonBen/ai-memory-go/examples/agent_memory_loop/main.go:86.31,101.34 6 0
github.com/NortonBen/ai-memory-go/examples/agent_memory_loop/main.go:101.34,103.43 2 0
github.com/NortonBen/ai-memory-go/examples/agent_memory_loop/main.go:103.43,106.6 2 0
github.com/NortonBen/ai-memory-go/examples/agent_memory_loop/main.go:107.10,109.5 1 0
github.com/NortonBen/ai-memory-go/examples/agent_memory_loop/main.go:111.4,115.18 4 0
github.com/NortonBen/ai-memory-go/examples/agent_memory_loop/main.go:115.18,117.5 1 0
github.com/NortonBen/ai-memory-go/examples/agent_memory_loop/main.go:117.10,119.5 1 0
github.com/NortonBen/ai-memory-go/examples/agent_memory_loop/main.go:121.9,131.67 5 0
github.com/NortonBen/ai-memory-go/examples/agent_memory_loop/main.go:131.67,133.5 1 0
github.com/NortonBen/ai-memory-go/examples/agent_memory_loop/main.go:134.4,138.31 2 0
github.com/NortonBen/ai-memory-go/examples/agent_memory_loop/main.go:142.2,142.95 1 0
github.com/NortonBen/ai-memory-go/examples/agent_memory_loop/main.go:145.36,146.16 1 0
github.com/NortonBen/ai-memory-go/examples/agent_memory_loop/main.go:146.16,148.3 1 0
github.com/NortonBen/ai-memory-go/engine/delete_session.go:17.95,18.29 1 1
github.com/NortonBen/ai-memory-go/engine/delete_session.go:18.29,20.3 1 0
github.com/NortonBen/ai-memory-go/engine/delete_session.go:21.2,22.54 2 1
github.com/NortonBen/ai-memory-go/engine/delete_session.go:22.54,24.3 1 0
github.com/NortonBen/ai-memory-go/engine/delete_session.go:25.2,25.50 1 1
github.com/NortonBen/ai-memory-go/engine/delete_session.go:25.50,27.58 2 1
github.com/NortonBen/ai-memory-go/engine/delete_session.go:27.58,29.4 1 0
github.com/NortonBen/ai-memory-go/engine/delete_session.go:31.2,31.29 1 1
github.com/NortonBen/ai-memory-go/engine/delete_session.go:34.97,35.33 1 1
github.com/NortonBen/ai-memory-go/engine/delete_session.go:35.33,37.3 1 0
github.com/NortonBen/ai-memory-go/engine/delete_session.go:38.2,39.16 2 1
github.com/NortonBen/ai-memory-go/engine/delete_session.go:39.16,41.3 1 0
github.com/NortonBen/ai-memory-go/engine/delete_session.go:42.2,43.26 2 1
github.com/NortonBen/ai-memory-go/engine/delete_session.go:43.26,44.15 1 0
github.com/NortonBen/ai-memory-go/engine/delete_session.go:44.15,45.51 1 0
github.com/NortonBen/ai-memory-go/engine/delete_session.go:45.51,47.5 1 0
github.com/NortonBen/ai-memory-go/engine/delete_session.go:50.2,50.29 1 1
github.com/NortonBen/ai-memory-go/engine/delete_session.go:53.113,54.20 1 1
github.com/NortonBen/ai-memory-go/engine/delete_session.go:54.20,56.3 1 0
github.com/NortonBen/ai-memory-go/engine/delete_session.go:57.2,61.14 2 1
github.com/NortonBen/ai-memory-go/engine/delete_session.go:61.14,63.3 1 0
github.com/NortonBen/ai-memory-go/engine/delete_session.go:63.8,65.3 1 1
github.com/NortonBen/ai-memory-go/engine/delete_session.go:66.2,67.16 2 1
github.com/NortonBen/ai-memory-go/engine/delete_session.go:67.16,69.3 1 0
github.com/NortonBen/ai-memory-go/engine/delete_session.go:70.2,70.25 1 1
github.com/NortonBen/ai-memory-go/engine/delete_session.go:70.25,71.16 1 1
github.com/NortonBen/ai-memory-go/engine/delete_session.go:71.16,72.12 1 0
github.com/NortonBen/ai-memory-go/engine/delete_session.go:74.3,74.77 1 1
github.com/NortonBen/ai-memory-go/engine/delete_session.go:74.77,76.4 1 0
github.com/NortonBen/ai-memory-go/engine/delete_session.go:77.3,77.78 1 1
github.com/NortonBen/ai-memory-go/engine/delete_session.go:77.78,79.4 1 0
github.com/NortonBen/ai-memory-go/engine/delete_session.go:81.2,81.25 1 1
github.com/NortonBen/ai-memory-go/engine/delete_session.go:81.25,82.15 1 1
github.com/NortonBen/ai-memory-go/engine/delete_session.go:82.15,83.71 1 0
github.com/NortonBen/ai-memory-go/engine/delete_session.go:83.71,85.5 1 0
github.com/NortonBen/ai-memory-go/engine/delete_session.go:86.9,87.74 1 1
github.com/NortonBen/ai-memory-go/engine/delete_session.go:87.74,89.5 1 0
github.com/NortonBen/ai-memory-go/engine/delete_session.go:92.2,92.15 1 1
github.com/NortonBen/ai-memory-go/engine/delete_session.go:92.15,93.67 1 1
github.com/NortonBen/ai-memory-go/engine/delete_session.go:93.67,95.4 1 0
github.com/NortonBen/ai-memory-go/engine/delete_session.go:97.2,97.14 1 1
github.com/NortonBen/ai-memory-go/engine/delete_session.go:97.14,99.3 1 0
github.com/NortonBen/ai-memory-go/engine/delete_session.go:100.2,100.54 1 1
github.com/NortonBen/ai-memory-go/engine/delete_session.go:103.103,105.16 2 1
github.com/NortonBen/ai-memory-go/engine/delete_session.go:105.16,107.3 1 0
github.com/NortonBen/ai-memory-go/engine/delete_session.go:108.2,108.58 1 1
github.com/NortonBen/ai-memory-go/engine/engine_core.go:29.134,30.25 1 1
github.com/NortonBen/ai-memory-go/engine/engine_core.go:30.25,32.3 1 0
github.com/NortonBen/ai-memory-go/engine/engine_core.go:33.2,33.31 1 1
github.com/NortonBen/ai-memory-go/engine/engine_core.go:33.31,35.3 1 1
github.com/NortonBen/ai-memory-go/engine/engine_core.go:37.2,47.3 4 1
github.com/NortonBen/ai-memory-go/engine/engine_core.go:51.205,52.25 1 1
github.com/NortonBen/ai-memory-go/engine/engine_core.go:52.25,54.3 1 0
github.com/NortonBen/ai-memory-go/engine/engine_core.go:55.2,55.31 1 1
github.com/NortonBen/ai-memory-go/engine/engine_core.go:55.31,57.3 1 1
github.com/NortonBen/ai-memory-go/engine/engine_core.go:59.2,74.34 5 1
github.com/NortonBen/ai-memory-go/engine/engine_core.go:74.34,76.20 2 0
github.com/NortonBen/ai-memory-go/engine/engine_core.go:76.20,78.4 1 0
github.com/NortonBen/ai-memory-go/engine/engine_core.go:79.3,79.13 1 0
github.com/NortonBen/ai-memory-go/engine/engine_core.go:79.13,82.23 3 0
github.com/NortonBen/ai-memory-go/engine/engine_core.go:82.23,88.5 3 0
github.com/NortonBen/ai-memory-go/engine/engine_core.go:92.2,92.15 1 1
github.com/NortonBen/ai-memory-go/engine/engine_core.go:96.118,100.27 2 1
github.com/NortonBen/ai-memory-go/engine/engine_core.go:100.27,102.3 1 1
github.com/NortonBen/ai-memory-go/engine/engine_core.go:104.2,105.27 2 1
github.com/NortonBen/ai-memory-go/engine/engine_core.go:105.27,107.3 1 1
github.com/NortonBen/ai-memory-go/engine/engine_core.go:107.8,107.28 1 1
github.com/NortonBen/ai-memory-go/engine/engine_core.go:107.28,109.74 1 0
github.com/NortonBen/ai-memory-go/engine/engine_core.go:109.74,112.4 2 0
github.com/NortonBen/ai-memory-go/engine/engine_core.go:112.9,112.80 1 0
github.com/NortonBen/ai-memory-go/engine/engine_core.go:112.80,115.4 2 0
github.com/NortonBen/ai-memory-go/engine/engine_core.go:115.9,117.4 1 0
github.com/NortonBen/ai-memory-go/engine/engine_core.go:120.2,121.29 2 1
github.com/NortonBen/ai-memory-go/engine/engine_core.go:121.29,124.3 2 1
github.com/NortonBen/ai-memory-go/engine/engine_core.go:126.2,128.49 3 1
github.com/NortonBen/ai-memory-go/engine/engine_core.go:128.49,131.3 2 1
github.com/NortonBen/ai-memory-go/engine/engine_core.go:131.8,131.36 1 1
github.com/NortonBen/ai-memory-go/engine/engine_core.go:131.36,132.90 1 1
github.com/NortonBen/ai-memory-go/engine/engine_core.go:132.90,135.4 2 0
github.com/NortonBen/ai-memory-go/engine/engine_core.go:137.2,137.19 1 1
github.com/NortonBen/ai-memory-go/engine/engine_core.go:137.19,138.67 1 1
github.com/NortonBen/ai-memory-go/engine/engine_core.go:138.67,140.4 1 1
github.com/NortonBen/ai-memory-go/engine/engine_core.go:144.2,149.21 2 1
github.com/NortonBen/ai-memory-go/engine/engine_core.go:149.21,151.3 1 1
github.com/NortonBen/ai-memory-go/engine/engine_core.go:151.8,153.3 1 1
github.com/NortonBen/ai-memory-go/engine/engine_core.go:154.2,154.111 1 1
github.com/NortonBen/ai-memory-go/engine/engine_core.go:154.111,157.44 1 1
github.com/NortonBen/ai-memory-go/engine/engine_core.go:157.44,158.51 1 1
github.com/NortonBen/ai-memory-go/engine/engine_core.go:158.51,159.75 1 1
github.com/NortonBen/ai-memory-go/engine/engine_core.go:159.75,160.67 1 1
github.com/NortonBen/ai-memory-go/engine/engine_core.go:160.67,161.15 1 1
github.com/NortonBen/ai-memory-go/engine/engine_core.go:163.6,163.90 1 0
github.com/NortonBen/ai-memory-go/engine/engine_core.go:163.90,164.15 1 0
github.com/NortonBen/ai-memory-go/engine/engine_core.go:166.6,166.26 1 0
github.com/NortonBen/ai-memory-go/engine/engine_core.go:172.2,183.24 2 1
github.com/NortonBen/ai-memory-go/engine/engine_core.go:183.24,185.3 1 0
github.com/NortonBen/ai-memory-go/engine/engine_core.go:186.2,189.25 4 1
github.com/NortonBen/ai-memory-go/engine/engine_core.go:189.25,193.3 3 1
github.com/NortonBen/ai-memory-go/engine/engine_core.go:196.2,197.16 2 1
github.com/NortonBen/ai-memory-go/engine/engine_core.go:197.16,199.3 1 0
github.com/NortonBen/ai-memory-go/engine/engine_core.go:201.2,201.16 1 1
github.com/NortonBen/ai-memory-go/engine/engine_core.go:205.139,207.27 2 1
github.com/NortonBen/ai-memory-go/engine/engine_core.go:207.27,209.3 1 1
github.com/NortonBen/ai-memory-go/engine/engine_core.go:211.2,212.73 2 1
github.com/NortonBen/ai-memory-go/engine/engine_core.go:212.73,214.3 1 0
github.com/NortonBen/ai-memory-go/engine/engine_core.go:214.8,214.80 1 1
github.com/NortonBen/ai-memory-go/engine/engine_core.go:214.80,216.3 1 0
github.com/NortonBen/ai-memory-go/engine/engine_core.go:218.2,224.31 2 1
github.com/NortonBen/ai-memory-go/engine/engine_core.go:224.31,228.3 2 0
github.com/NortonBen/ai-memory-go/engine/engine_core.go:231.2,232.23 2 1
github.com/NortonBen/ai-memory-go/engine/engine_core.go:237.91,238.6 1 0
github.com/NortonBen/ai-memory-go/engine/engine_core.go:238.6,244.17 3 0
github.com/NortonBen/ai-memory-go/engine/engine_core.go:244.17,246.4 1 0
github.com/NortonBen/ai-memory-go/engine/engine_core.go:248.3,249.26 2 0
github.com/NortonBen/ai-memory-go/engine/engine_core.go:249.26,250.101 1 0
github.com/NortonBen/ai-memory-go/engine/engine_core.go:250.101,252.5 1 0
github.com/NortonBen/ai-memory-go/engine/engine_core.go:255.3,255.25 1 0
github.com/NortonBen/ai-memory-go/engine/engine_core.go:255.25,256.9 1 0
github.com/NortonBen/ai-memory-go/engine/engine_core.go:259.3,260.31 2 0
github.com/NortonBen/ai-memory-go/engine/engine_core.go:260.31,262.54 1 0
github.com/NortonBen/ai-memory-go/engine/engine_core.go:262.54,265.60 3 0
github.com/NortonBen/ai-memory-go/engine/engine_core.go:265.60,267.14 2 0
github.com/NortonBen/ai-memory-go/engine/engine_core.go:271.4,273.18 3 0
github.com/NortonBen/ai-memory-go/engine/engine_core.go:273.18,275.13 2 0
github.com/NortonBen/ai-memory-go/engine/engine_core.go:277.4,277.19 1 0
github.com/NortonBen/ai-memory-go/engine/engine_core.go:280.3,280.16 1 0
github.com/NortonBen/ai-memory-go/engine/engine_core.go:280.16,281.9 1 0
github.com/NortonBen/ai-memory-go/engine/engine_core.go:284.2,284.12 1 0
github.com/NortonBen/ai-memory-go/engine/engine_core.go:288.116,290.27 2 0
github.com/NortonBen/ai-memory-go/engine/engine_core.go:290.27,292.3 1 0
github.com/NortonBen/ai-memory-go/engine/engine_core.go:294.2,295.73 2 0
github.com/NortonBen/ai-memory-go/engine/engine_core.go:295.73,297.3 1 0
github.com/NortonBen/ai-memory-go/engine/engine_core.go:297.8,297.80 1 0
github.com/NortonBen/ai-memory-go/engine/engine_core.go:297.80,299.3 1 0
github.com/NortonBen/ai-memory-go/engine/engine_core.go:301.2,306.31 2 0
github.com/NortonBen/ai-memory-go/engine/engine_core.go:306.31,308.3 1 0
github.com/NortonBen/ai-memory-go/engine/engine_core.go:310.2,311.12 2 0
github.com/NortonBen/ai-memory-go/engine/engine_core.go:315.65,317.2 1 0
github.com/NortonBen/ai-memory-go/engine/engine_core.go:320.45,323.2 2 1
github.com/NortonBen/ai-memory-go/engine/engine_core.go:326.69,331.2 4 1
github.com/NortonBen/ai-memory-go/engine/engine_core.go:334.105,335.39 1 1
github.com/NortonBen/ai-memory-go/engine/engine_core.go:335.39,337.3 1 0
github.com/NortonBen/ai-memory-go/engine/engine_core.go:338.2,339.38 2 1
github.com/NortonBen/ai-memory-go/engine/engine_core.go:339.38,341.3 1 1
github.com/NortonBen/ai-memory-go/engine/engine_core.go:343.2,345.27 3 1
github.com/NortonBen/ai-memory-go/engine/engine_core.go:345.27,347.3 1 0
github.com/NortonBen/ai-memory-go/engine/engine_core.go:348.2,348.37 1 1
github.com/NortonBen/ai-memory-go/engine/engine_core.go:348.37,350.3 1 1
github.com/NortonBen/ai-memory-go/engine/engine_core.go:351.2,351.20 1 1
github.com/NortonBen/ai-memory-go/engine/interface.go:41.62,42.29 1 1
github.com/NortonBen/ai-memory-go/engine/interface.go:42.29,43.24 1 1
github.com/NortonBen/ai-memory-go/engine/interface.go:43.24,45.4 1 0
github.com/NortonBen/ai-memory-go/engine/interface.go:46.3,46.30 1 1
github.com/NortonBen/ai-memory-go/engine/interface.go:46.30,48.4 1 0
github.com/NortonBen/ai-memory-go/engine/interface.go:53.39,54.29 1 0
github.com/NortonBen/ai-memory-go/engine/interface.go:54.29,56.3 1 0
github.com/NortonBen/ai-memory-go/engine/interface.go:60.60,61.29 1 0
github.com/NortonBen/ai-memory-go/engine/interface.go:61.29,63.3 1 0
github.com/NortonBen/ai-memory-go/engine/interface.go:67.48,68.29 1 1
github.com/NortonBen/ai-memory-go/engine/interface.go:68.29,70.3 1 1
github.com/NortonBen/ai-memory-go/engine/interface.go:74.36,75.29 1 1
github.com/NortonBen/ai-memory-go/engine/interface.go:75.29,78.3 2 1
github.com/NortonBen/ai-memory-go/engine/interface.go:82.44,83.29 1 1
github.com/NortonBen/ai-memory-go/engine/interface.go:83.29,85.3 1 1
github.com/NortonBen/ai-memory-go/engine/interface.go:89.45,90.29 1 1
github.com/NortonBen/ai-memory-go/engine/interface.go:90.29,92.3 1 1
github.com/NortonBen/ai-memory-go/engine/interface.go:104.47,105.33 1 1
github.com/NortonBen/ai-memory-go/engine/interface.go:105.33,107.3 1 1
github.com/NortonBen/ai-memory-go/engine/interface.go:119.45,120.32 1 0
github.com/NortonBen/ai-memory-go/engine/interface.go:120.32,122.3 1 0
github.com/NortonBen/ai-memory-go/engine/interface.go:141.73,142.33 1 0
github.com/NortonBen/ai-memory-go/engine/interface.go:142.33,143.24 1 0
github.com/NortonBen/ai-memory-go/engine/interface.go:143.24,145.4 1 0
github.com/NortonBen/ai-memory-go/engine/interface.go:146.3,146.30 1 0
github.com/NortonBen/ai-memory-go/engine/interface.go:146.30,148.4 1 0
github.com/NortonBen/ai-memory-go/engine/interface.go:153.44,154.33 1 0
github.com/NortonBen/ai-memory-go/engine/interface.go:154.33,156.3 1 0
github.com/NortonBen/ai-memory-go/engine/interface.go:160.52,161.33 1 0
github.com/NortonBen/ai-memory-go/engine/interface.go:161.33,163.3 1 0
github.com/NortonBen/ai-memory-go/engine/interface.go:167.52,168.33 1 0
github.com/NortonBen/ai-memory-go/engine/interface.go:168.33,170.3 1 0
github.com/NortonBen/ai-memory-go/engine/interface.go:174.55,175.33 1 0
github.com/NortonBen/ai-memory-go/engine/interface.go:175.33,177.3 1 0
github.com/NortonBen/ai-memory-go/engine/interface.go:181.55,182.33 1 0
github.com/NortonBen/ai-memory-go/engine/interface.go:182.33,184.3 1 0
github.com/NortonBen/ai-memory-go/engine/interface.go:188.74,189.33 1 0
github.com/NortonBen/ai-memory-go/engine/interface.go:189.33,191.3 1 0
github.com/NortonBen/ai-memory-go/engine/request.go:14.146,18.27 2 1
github.com/NortonBen/ai-memory-go/engine/request.go:18.27,20.3 1 0
github.com/NortonBen/ai-memory-go/engine/request.go:22.2,22.24 1 1
github.com/NortonBen/ai-memory-go/engine/request.go:22.24,24.3 1 0
github.com/NortonBen/ai-memory-go/engine/request.go:27.2,33.39 2 1
github.com/NortonBen/ai-memory-go/engine/request.go:33.39,35.3 1 1
github.com/NortonBen/ai-memory-go/engine/request.go:38.2,41.26 3 1
github.com/NortonBen/ai-memory-go/engine/request.go:41.26,43.3 1 1
github.com/NortonBen/ai-memory-go/engine/request.go:46.2,47.16 2 1
github.com/NortonBen/ai-memory-go/engine/request.go:47.16,49.3 1 0
github.com/NortonBen/ai-memory-go/engine/request.go:51.2,55.58 3 1
github.com/NortonBen/ai-memory-go/engine/request.go:55.58,58.3 2 0
github.com/NortonBen/ai-memory-go/engine/request.go:61.2,61.21 1 1
github.com/NortonBen/ai-memory-go/engine/request.go:61.21,62.47 1 1
github.com/NortonBen/ai-memory-go/engine/request.go:62.47,63.27 1 1
github.com/NortonBen/ai-memory-go/engine/request.go:63.27,65.29 2 1
github.com/NortonBen/ai-memory-go/engine/request.go:65.29,67.6 1 0
github.com/NortonBen/ai-memory-go/engine/request.go:69.4,69.49 1 1
github.com/NortonBen/ai-memory-go/engine/request.go:69.49,71.19 2 1
github.com/NortonBen/ai-memory-go/engine/request.go:71.19,73.36 2 1
github.com/NortonBen/ai-memory-go/engine/request.go:73.36,75.7 1 0
github.com/NortonBen/ai-memory-go/engine/request.go:79.3,79.72 1 1
github.com/NortonBen/ai-memory-go/engine/request.go:83.2,83.25 1 1
github.com/NortonBen/ai-memory-go/engine/request.go:83.25,85.38 2 1
github.com/NortonBen/ai-memory-go/engine/request.go:85.38,86.28 1 1
github.com/NortonBen/ai-memory-go/engine/request.go:86.28,87.50 1 1
github.com/NortonBen/ai-memory-go/engine/request.go:87.50,90.6 2 1
github.com/NortonBen/ai-memory-go/engine/request.go:93.4,94.18 2 1
github.com/NortonBen/ai-memory-go/engine/request.go:94.18,95.34 1 1
github.com/NortonBen/ai-memory-go/engine/request.go:95.34,97.23 2 0
github.com/NortonBen/ai-memory-go/engine/request.go:97.23,99.7 1 0
github.com/NortonBen/ai-memory-go/engine/request.go:100.6,100.53 1 0
github.com/NortonBen/ai-memory-go/engine/request.go:103.4,103.82 1 1
github.com/NortonBen/ai-memory-go/engine/request.go:107.2,107.66 1 1
github.com/NortonBen/ai-memory-go/engine/request.go:107.66,110.17 3 1
github.com/NortonBen/ai-memory-go/engine/request.go:110.17,113.4 2 1
github.com/NortonBen/ai-memory-go/engine/request.go:117.2,118.20 2 1
github.com/NortonBen/ai-memory-go/engine/request.go:118.20,120.20 2 1
github.com/NortonBen/ai-memory-go/engine/request.go:120.20,122.4 1 1
github.com/NortonBen/ai-memory-go/engine/request.go:123.3,124.20 2 1
github.com/NortonBen/ai-memory-go/engine/request.go:124.20,126.4 1 1
github.com/NortonBen/ai-memory-go/engine/request.go:128.3,140.31 3 1
github.com/NortonBen/ai-memory-go/engine/request.go:140.31,144.4 3 1
github.com/NortonBen/ai-memory-go/engine/request.go:148.2,148.23 1 1
github.com/NortonBen/ai-memory-go/engine/request.go:148.23,149.22 1 1
github.com/NortonBen/ai-memory-go/engine/request.go:149.22,151.4 1 1
github.com/NortonBen/ai-memory-go/engine/request.go:151.9,153.4 1 1
github.com/NortonBen/ai-memory-go/engine/request.go:156.2,156.19 1 1
github.com/NortonBen/ai-memory-go/engine/request.go:156.19,161.3 1 1
github.com/NortonBen/ai-memory-go/engine/request.go:162.2,171.39 3 1
github.com/NortonBen/ai-memory-go/engine/request.go:171.39,173.3 1 1
github.com/NortonBen/ai-memory-go/engine/request.go:175.2,175.20 1 1
github.com/NortonBen/ai-memory-go/engine/request.go:178.132,179.36 1 0
github.com/NortonBen/ai-memory-go/engine/request.go:179.36,188.3 5 0
github.com/NortonBen/ai-memory-go/engine/request.go:191.106,192.16 1 0
github.com/NortonBen/ai-memory-go/engine/request.go:192.16,194.3 1 0
github.com/NortonBen/ai-memory-go/engine/request.go:198.2,199.35 2 0
github.com/NortonBen/ai-memory-go/engine/request.go:199.35,202.3 1 0
github.com/NortonBen/ai-memory-go/engine/request.go:204.2,204.34 1 0
github.com/NortonBen/ai-memory-go/engine/request.go:204.34,206.27 1 0
github.com/NortonBen/ai-memory-go/engine/request.go:206.27,207.53 1 0
github.com/NortonBen/ai-memory-go/engine/request.go:207.53,209.5 1 0
github.com/NortonBen/ai-memory-go/engine/request.go:214.2,219.47 4 0
github.com/NortonBen/ai-memory-go/engine/request.go:219.47,221.39 2 0
github.com/NortonBen/ai-memory-go/engine/request.go:221.39,229.4 1 0
github.com/NortonBen/ai-memory-go/engine/request.go:232.2,232.16 1 0
github.com/NortonBen/ai-memory-go/engine/request.go:236.91,237.20 1 0
github.com/NortonBen/ai-memory-go/engine/request.go:237.20,239.3 1 0
github.com/NortonBen/ai-memory-go/engine/request.go:242.2,243.16 2 0
github.com/NortonBen/ai-memory-go/engine/request.go:243.16,245.3 1 0
github.com/NortonBen/ai-memory-go/engine/request.go:247.2,247.23 1 0
github.com/NortonBen/ai-memory-go/engine/request.go:247.23,249.3 1 0
github.com/NortonBen/ai-memory-go/engine/request.go:252.2,253.31 2 0
github.com/NortonBen/ai-memory-go/engine/request.go:253.31,255.49 1 0
github.com/NortonBen/ai-memory-go/engine/request.go:255.49,256.12 1 0
github.com/NortonBen/ai-memory-go/engine/request.go:258.3,259.39 2 0
github.com/NortonBen/ai-memory-go/engine/request.go:259.39,261.4 1 0
github.com/NortonBen/ai-memory-go/engine/request.go:262.3,262.73 1 0
github.com/NortonBen/ai-memory-go/engine/request.go:264.2,268.16 3 0
github.com/NortonBen/ai-memory-go/engine/request.go:268.16,270.3 1 0
github.com/NortonBen/ai-memory-go/engine/request.go:272.2,273.16 2 0
github.com/NortonBen/ai-memory-go/engine/request.go:273.16,275.3 1 0
github.com/NortonBen/ai-memory-go/engine/request.go:278.2,278.25 1 0
github.com/NortonBen/ai-memory-go/engine/request.go:278.25,280.30 1 0
github.com/NortonBen/ai-memory-go/engine/request.go:280.30,282.4 1 0
github.com/NortonBen/ai-memory-go/engine/request.go:284.3,284.30 1 0
github.com/NortonBen/ai-memory-go/engine/request.go:284.30,286.18 2 0
github.com/NortonBen/ai-memory-go/engine/request.go:286.18,288.5 1 0
github.com/NortonBen/ai-memory-go/engine/request.go:292.2,292.12 1 0
github.com/NortonBen/ai-memory-go/engine/search.go:14.122,16.65 2 0
github.com/NortonBen/ai-memory-go/engine/search.go:16.65,19.17 3 0
github.com/NortonBen/ai-memory-go/engine/search.go:19.17,21.4 1 0
github.com/NortonBen/ai-memory-go/engine/search.go:24.2,31.16 3 0
github.com/NortonBen/ai-memory-go/engine/search.go:31.16,33.3 1 0
github.com/NortonBen/ai-memory-go/engine/search.go:35.2,40.25 2 0
github.com/NortonBen/ai-memory-go/engine/search.go:40.25,42.44 2 0
github.com/NortonBen/ai-memory-go/engine/search.go:42.44,44.4 1 0
github.com/NortonBen/ai-memory-go/engine/search.go:45.3,45.91 1 0
github.com/NortonBen/ai-memory-go/engine/search.go:47.2,47.21 1 0
github.com/NortonBen/ai-memory-go/engine/search.go:50.126,51.32 1 1
github.com/NortonBen/ai-memory-go/engine/search.go:51.32,53.3 1 0
github.com/NortonBen/ai-memory-go/engine/search.go:54.2,54.44 1 1
github.com/NortonBen/ai-memory-go/engine/search.go:57.132,64.26 3 1
github.com/NortonBen/ai-memory-go/engine/search.go:64.26,66.3 1 1
github.com/NortonBen/ai-memory-go/engine/search.go:68.2,75.12 6 1
github.com/NortonBen/ai-memory-go/engine/search.go:75.12,78.3 2 1
github.com/NortonBen/ai-memory-go/engine/search.go:80.2,80.12 1 1
github.com/NortonBen/ai-memory-go/engine/search.go:80.12,82.64 2 1
github.com/NortonBen/ai-memory-go/engine/search.go:82.64,83.52 1 1
github.com/NortonBen/ai-memory-go/engine/search.go:83.52,91.5 1 1
github.com/NortonBen/ai-memory-go/engine/search.go:92.4,92.10 1 1
github.com/NortonBen/ai-memory-go/engine/search.go:95.3,95.25 1 1
github.com/NortonBen/ai-memory-go/engine/search.go:95.25,97.18 2 1
github.com/NortonBen/ai-memory-go/engine/search.go:97.18,98.35 1 1
github.com/NortonBen/ai-memory-go/engine/search.go:98.35,100.6 1 0
github.com/NortonBen/ai-memory-go/engine/search.go:105.2,106.25 2 1
github.com/NortonBen/ai-memory-go/engine/search.go:106.25,108.3 1 0
github.com/NortonBen/ai-memory-go/engine/search.go:113.2,114.20 2 1
github.com/NortonBen/ai-memory-go/engine/search.go:114.20,116.3 1 1
github.com/NortonBen/ai-memory-go/engine/search.go:118.2,126.12 6 1
github.com/NortonBen/ai-memory-go/engine/search.go:126.12,130.70 3 1
github.com/NortonBen/ai-memory-go/engine/search.go:130.70,134.18 4 1
github.com/NortonBen/ai-memory-go/engine/search.go:134.18,136.5 1 1
github.com/NortonBen/ai-memory-go/engine/search.go:139.3,140.17 2 1
github.com/NortonBen/ai-memory-go/engine/search.go:140.17,142.4 1 0
github.com/NortonBen/ai-memory-go/engine/search.go:144.3,144.33 1 1
github.com/NortonBen/ai-memory-go/engine/search.go:144.33,147.41 2 0
github.com/NortonBen/ai-memory-go/engine/search.go:147.41,149.5 1 0
github.com/NortonBen/ai-memory-go/engine/search.go:151.4,152.18 2 0
github.com/NortonBen/ai-memory-go/engine/search.go:152.18,153.36 1 0
github.com/NortonBen/ai-memory-go/engine/search.go:153.36,155.6 1 0
github.com/NortonBen/ai-memory-go/engine/search.go:161.2,161.12 1 1
github.com/NortonBen/ai-memory-go/engine/search.go:161.12,164.44 2 1
github.com/NortonBen/ai-memory-go/engine/search.go:164.44,166.18 2 1
github.com/NortonBen/ai-memory-go/engine/search.go:166.18,168.5 1 0
github.com/NortonBen/ai-memory-go/engine/search.go:169.4,170.18 2 1
github.com/NortonBen/ai-memory-go/engine/search.go:170.18,171.29 1 1
github.com/NortonBen/ai-memory-go/engine/search.go:171.29,173.6 1 1
github.com/NortonBen/ai-memory-go/engine/search.go:174.10,176.5 1 0
github.com/NortonBen/ai-memory-go/engine/search.go:180.2,182.129 2 1
github.com/NortonBen/ai-memory-go/engine/search.go:186.117,187.49 1 0
github.com/NortonBen/ai-memory-go/engine/search.go:187.49,189.3 1 0
github.com/NortonBen/ai-memory-go/engine/search.go:191.2,192.16 2 0
github.com/NortonBen/ai-memory-go/engine/search.go:192.16,194.3 1 0
github.com/NortonBen/ai-memory-go/engine/search.go:199.2,199.60 1 0
github.com/NortonBen/ai-memory-go/engine/search.go:199.60,203.27 3 0
github.com/NortonBen/ai-memory-go/engine/search.go:203.27,207.4 3 0
github.com/NortonBen/ai-memory-go/engine/search.go:209.3,214.17 5 0
github.com/NortonBen/ai-memory-go/engine/search.go:214.17,216.4 1 0
github.com/NortonBen/ai-memory-go/engine/search.go:216.9,218.4 1 0
github.com/NortonBen/ai-memory-go/engine/search.go:219.8,219.38 1 0
github.com/NortonBen/ai-memory-go/engine/search.go:219.38,221.3 1 0
github.com/NortonBen/ai-memory-go/engine/search.go:223.2,223.21 1 0
github.com/NortonBen/ai-memory-go/engine/search.go:227.100,228.14 1 1
github.com/NortonBen/ai-memory-go/engine/search.go:228.14,229.22 1 0
github.com/NortonBen/ai-memory-go/engine/search.go:229.22,231.18 2 0
github.com/NortonBen/ai-memory-go/engine/search.go:231.18,233.5 1 0
github.com/NortonBen/ai-memory-go/engine/search.go:234.4,234.33 1 0
github.com/NortonBen/ai-memory-go/engine/search.go:234.33,236.5 1 0
github.com/NortonBen/ai-memory-go/engine/search.go:239.3,239.26 1 0
github.com/NortonBen/ai-memory-go/engine/search.go:239.26,241.18 2 0
github.com/NortonBen/ai-memory-go/engine/search.go:241.18,242.29 1 0
github.com/NortonBen/ai-memory-go/engine/search.go:242.29,243.63 1 0
github.com/NortonBen/ai-memory-go/engine/search.go:243.63,245.7 1 0
github.com/NortonBen/ai-memory-go/engine/search.go:249.3,249.75 1 0
github.com/NortonBen/ai-memory-go/engine/search.go:249.75,251.4 1 0
github.com/NortonBen/ai-memory-go/engine/search.go:252.3,252.42 1 0
github.com/NortonBen/ai-memory-go/engine/search.go:255.2,255.21 1 1
github.com/NortonBen/ai-memory-go/engine/search.go:255.21,257.3 1 1
github.com/NortonBen/ai-memory-go/engine/search.go:259.2,259.58 1 0
github.com/NortonBen/ai-memory-go/engine/search_four_tier.go:17.77,18.52 1 1
github.com/NortonBen/ai-memory-go/engine/search_four_tier.go:18.52,20.3 1 1
github.com/NortonBen/ai-memory-go/engine/search_four_tier.go:21.2,21.27 1 1
github.com/NortonBen/ai-memory-go/engine/search_four_tier.go:24.54,25.16 1 1
github.com/NortonBen/ai-memory-go/engine/search_four_tier.go:25.16,27.3 1 0
github.com/NortonBen/ai-memory-go/engine/search_four_tier.go:28.2,28.18 1 1
github.com/NortonBen/ai-memory-go/engine/search_four_tier.go:31.134,33.17 2 1
github.com/NortonBen/ai-memory-go/engine/search_four_tier.go:33.17,35.3 1 0
github.com/NortonBen/ai-memory-go/engine/search_four_tier.go:37.2,41.26 4 1
github.com/NortonBen/ai-memory-go/engine/search_four_tier.go:41.26,43.3 1 0
github.com/NortonBen/ai-memory-go/engine/search_four_tier.go:45.2,51.12 6 1
github.com/NortonBen/ai-memory-go/engine/search_four_tier.go:51.12,54.3 2 1
github.com/NortonBen/ai-memory-go/engine/search_four_tier.go:55.2,55.12 1 1
github.com/NortonBen/ai-memory-go/engine/search_four_tier.go:55.12,57.64 2 1
github.com/NortonBen/ai-memory-go/engine/search_four_tier.go:57.64,58.52 1 0
github.com/NortonBen/ai-memory-go/engine/search_four_tier.go:58.52,66.5 1 0
github.com/NortonBen/ai-memory-go/engine/search_four_tier.go:67.4,67.10 1 0
github.com/NortonBen/ai-memory-go/engine/search_four_tier.go:69.3,69.25 1 1
github.com/NortonBen/ai-memory-go/engine/search_four_tier.go:69.25,71.18 2 1
github.com/NortonBen/ai-memory-go/engine/search_four_tier.go:71.18,72.35 1 1
github.com/NortonBen/ai-memory-go/engine/search_four_tier.go:72.35,74.6 1 0
github.com/NortonBen/ai-memory-go/engine/search_four_tier.go:78.2,79.25 2 1
github.com/NortonBen/ai-memory-go/engine/search_four_tier.go:79.25,81.3 1 0
github.com/NortonBen/ai-memory-go/engine/search_four_tier.go:83.2,84.69 2 1
github.com/NortonBen/ai-memory-go/engine/search_four_tier.go:84.69,87.17 3 0
github.com/NortonBen/ai-memory-go/engine/search_four_tier.go:87.17,89.4 1 0
github.com/NortonBen/ai-memory-go/engine/search_four_tier.go:92.2,93.20 2 1
github.com/NortonBen/ai-memory-go/engine/search_four_tier.go:93.20,95.3 1 0
github.com/NortonBen/ai-memory-go/engine/search_four_tier.go:97.2,98.20 2 1
github.com/NortonBen/ai-memory-go/engine/search_four_tier.go:98.20,100.3 1 0
github.com/NortonBen/ai-memory-go/engine/search_four_tier.go:101.2,102.22 2 1
github.com/NortonBen/ai-memory-go/engine/search_four_tier.go:102.22,104.3 1 0
github.com/NortonBen/ai-memory-go/engine/search_four_tier.go:106.2,111.17 6 1
github.com/NortonBen/ai-memory-go/engine/search_four_tier.go:111.17,113.3 1 1
github.com/NortonBen/ai-memory-go/engine/search_four_tier.go:115.2,126.16 5 1
github.com/NortonBen/ai-memory-go/engine/search_four_tier.go:126.16,128.13 2 1
github.com/NortonBen/ai-memory-go/engine/search_four_tier.go:128.13,132.4 3 1
github.com/NortonBen/ai-memory-go/engine/search_four_tier.go:135.2,135.19 1 1
github.com/NortonBen/ai-memory-go/engine/search_four_tier.go:135.19,137.13 2 1
github.com/NortonBen/ai-memory-go/engine/search_four_tier.go:137.13,142.4 4 1
github.com/NortonBen/ai-memory-go/engine/search_four_tier.go:145.2,145.16 1 1
github.com/NortonBen/ai-memory-go/engine/search_four_tier.go:145.16,147.13 2 1
github.com/NortonBen/ai-memory-go/engine/search_four_tier.go:147.13,152.4 4 1
github.com/NortonBen/ai-memory-go/engine/search_four_tier.go:155.2,155.20 1 1
github.com/NortonBen/ai-memory-go/engine/search_four_tier.go:155.20,157.13 2 1
github.com/NortonBen/ai-memory-go/engine/search_four_tier.go:157.13,163.4 5 1
github.com/NortonBen/ai-memory-go/engine/search_four_tier.go:166.2,167.12 2 1
github.com/NortonBen/ai-memory-go/engine/search_four_tier.go:167.12,172.3 4 1
github.com/NortonBen/ai-memory-go/engine/search_four_tier.go:174.2,176.29 2 1
github.com/NortonBen/ai-memory-go/engine/search_four_tier.go:176.29,177.34 1 1
github.com/NortonBen/ai-memory-go/engine/search_four_tier.go:177.35,179.4 0 0
github.com/NortonBen/ai-memory-go/engine/search_four_tier.go:182.2,188.35 2 1
github.com/NortonBen/ai-memory-go/engine/search_four_tier.go:188.35,189.20 1 1
github.com/NortonBen/ai-memory-go/engine/search_four_tier.go:189.20,191.4 1 0
github.com/NortonBen/ai-memory-go/engine/search_four_tier.go:192.3,192.30 1 1
github.com/NortonBen/ai-memory-go/engine/search_four_tier.go:192.30,193.17 1 1
github.com/NortonBen/ai-memory-go/engine/search_four_tier.go:193.17,194.13 1 0
github.com/NortonBen/ai-memory-go/engine/search_four_tier.go:196.4,197.17 2 1
github.com/NortonBen/ai-memory-go/engine/search_four_tier.go:197.17,199.60 2 1
github.com/NortonBen/ai-memory-go/engine/search_four_tier.go:199.60,200.14 1 0
github.com/NortonBen/ai-memory-go/engine/search_four_tier.go:203.4,206.28 4 1
github.com/NortonBen/ai-memory-go/engine/search_four_tier.go:206.28,212.5 1 1
github.com/NortonBen/ai-memory-go/engine/search_four_tier.go:216.2,223.29 7 1
github.com/NortonBen/ai-memory-go/engine/search_four_tier.go:223.29,225.18 2 1
github.com/NortonBen/ai-memory-go/engine/search_four_tier.go:225.18,227.18 2 1
github.com/NortonBen/ai-memory-go/engine/search_four_tier.go:227.18,228.36 1 1
github.com/NortonBen/ai-memory-go/engine/search_four_tier.go:228.36,230.6 1 0
github.com/NortonBen/ai-memory-go/engine/search_four_tier.go:235.2,235.29 1 1
github.com/NortonBen/ai-memory-go/engine/search_four_tier.go:235.29,236.16 1 1
github.com/NortonBen/ai-memory-go/engine/search_four_tier.go:236.16,237.12 1 0
github.com/NortonBen/ai-memory-go/engine/search_four_tier.go:239.3,242.25 4 1
github.com/NortonBen/ai-memory-go/engine/search_four_tier.go:242.25,244.4 1 1
github.com/NortonBen/ai-memory-go/engine/search_four_tier.go:245.3,245.96 1 1
github.com/NortonBen/ai-memory-go/engine/search_four_tier.go:245.96,246.35 1 1
github.com/NortonBen/ai-memory-go/engine/search_four_tier.go:246.35,248.5 1 0
github.com/NortonBen/ai-memory-go/engine/search_four_tier.go:252.2,253.33 2 1
github.com/NortonBen/ai-memory-go/engine/search_four_tier.go:253.33,254.17 1 1
github.com/NortonBen/ai-memory-go/engine/search_four_tier.go:254.17,256.4 1 1
github.com/NortonBen/ai-memory-go/engine/search_four_tier.go:259.2,259.66 1 1
github.com/NortonBen/ai-memory-go/engine/search_four_tier.go:259.66,263.17 4 0
github.com/NortonBen/ai-memory-go/engine/search_four_tier.go:263.17,264.32 1 0
github.com/NortonBen/ai-memory-go/engine/search_four_tier.go:264.32,265.18 1 0
github.com/NortonBen/ai-memory-go/engine/search_four_tier.go:265.18,266.14 1 0
github.com/NortonBen/ai-memory-go/engine/search_four_tier.go:268.5,271.29 4 0
github.com/NortonBen/ai-memory-go/engine/search_four_tier.go:271.29,277.6 1 0
github.com/NortonBen/ai-memory-go/engine/search_four_tier.go:278.5,279.98 2 0
github.com/NortonBen/ai-memory-go/engine/search_four_tier.go:279.98,280.37 1 0
github.com/NortonBen/ai-memory-go/engine/search_four_tier.go:280.37,282.7 1 0
github.com/NortonBen/ai-memory-go/engine/search_four_tier.go:285.4,285.41 1 0
github.com/NortonBen/ai-memory-go/engine/search_four_tier.go:289.2,289.115 1 1
github.com/NortonBen/ai-memory-go/engine/search_four_tier.go:292.122,293.20 1 1
github.com/NortonBen/ai-memory-go/engine/search_four_tier.go:293.20,295.3 1 0
github.com/NortonBen/ai-memory-go/engine/search_four_tier.go:296.2,302.16 3 1
github.com/NortonBen/ai-memory-go/engine/search_four_tier.go:302.16,304.3 1 0
github.com/NortonBen/ai-memory-go/engine/search_four_tier.go:305.2,306.25 2 1
github.com/NortonBen/ai-memory-go/engine/search_four_tier.go:306.25,307.16 1 1
github.com/NortonBen/ai-memory-go/engine/search_four_tier.go:307.16,308.12 1 0
github.com/NortonBen/ai-memory-go/engine/search_four_tier.go:310.3,310.66 1 1
github.com/NortonBen/ai-memory-go/engine/search_four_tier.go:310.66,311.12 1 1
github.com/NortonBen/ai-memory-go/engine/search_four_tier.go:313.3,313.24 1 1
github.com/NortonBen/ai-memory-go/engine/search_four_tier.go:315.2,315.12 1 1
github.com/NortonBen/ai-memory-go/engine/search_four_tier.go:318.63,319.15 1 1
github.com/NortonBen/ai-memory-go/engine/search_four_tier.go:319.15,321.3 1 0
github.com/NortonBen/ai-memory-go/engine/search_four_tier.go:324.2,324.24 1 1
github.com/NortonBen/ai-memory-go/engine/search_four_tier.go:324.24,325.55 1 1
github.com/NortonBen/ai-memory-go/engine/search_four_tier.go:325.55,326.44 1 1
github.com/NortonBen/ai-memory-go/engine/search_four_tier.go:326.44,328.5 1 1
github.com/NortonBen/ai-memory-go/engine/search_four_tier.go:331.2,331.14 1 1
github.com/NortonBen/ai-memory-go/engine/search_four_tier.go:334.48,335.14 1 1
github.com/NortonBen/ai-memory-go/engine/search_four_tier.go:336.29,337.14 1 1
github.com/NortonBen/ai-memory-go/engine/search_four_tier.go:338.32,339.13 1 1
github.com/NortonBen/ai-memory-go/engine/search_four_tier.go:340.29,341.14 1 0
github.com/NortonBen/ai-memory-go/engine/search_four_tier.go:342.32,343.14 1 1
github.com/NortonBen/ai-memory-go/engine/search_four_tier.go:344.10,345.13 1 0
github.com/NortonBen/ai-memory-go/engine/search_four_tier.go:349.64,352.13 3 1
github.com/NortonBen/ai-memory-go/engine/search_four_tier.go:352.13,354.3 1 0
github.com/NortonBen/ai-memory-go/engine/search_four_tier.go:355.2,355.28 1 1
github.com/NortonBen/ai-memory-go/engine/search_four_tier.go:355.28,357.3 1 0
github.com/NortonBen/ai-memory-go/engine/search_four_tier.go:358.2,360.26 3 1
github.com/NortonBen/ai-memory-go/engine/search_four_tier.go:360.26,361.17 1 1
github.com/NortonBen/ai-memory-go/engine/search_four_tier.go:361.17,362.12 1 0
github.com/NortonBen/ai-memory-go/engine/search_four_tier.go:364.3,364.29 1 1
github.com/NortonBen/ai-memory-go/engine/search_four_tier.go:364.29,366.4 1 1
github.com/NortonBen/ai-memory-go/engine/search_four_tier.go:368.2,368.21 1 1
github.com/NortonBen/ai-memory-go/engine/search_four_tier.go:368.21,370.3 1 0
github.com/NortonBen/ai-memory-go/engine/search_four_tier.go:371.2,371.52 1 1
github.com/NortonBen/ai-memory-go/engine/search_four_tier.go:376.313,384.47 3 1
github.com/NortonBen/ai-memory-go/engine/search_four_tier.go:384.47,385.39 1 1
github.com/NortonBen/ai-memory-go/engine/search_four_tier.go:385.39,387.81 2 1
github.com/NortonBen/ai-memory-go/engine/search_four_tier.go:387.81,389.5 1 1
github.com/NortonBen/ai-memory-go/engine/search_four_tier.go:391.3,391.20 1 1
github.com/NortonBen/ai-memory-go/engine/search_four_tier.go:394.2,394.32 1 1
github.com/NortonBen/ai-memory-go/engine/search_four_tier.go:394.32,396.44 2 1
github.com/NortonBen/ai-memory-go/engine/search_four_tier.go:396.44,398.18 2 0
github.com/NortonBen/ai-memory-go/engine/search_four_tier.go:398.18,400.5 1 0
github.com/NortonBen/ai-memory-go/engine/search_four_tier.go:401.4,402.18 2 0
github.com/NortonBen/ai-memory-go/engine/search_four_tier.go:402.18,403.29 1 0
github.com/NortonBen/ai-memory-go/engine/search_four_tier.go:403.29,405.6 1 0
github.com/NortonBen/ai-memory-go/engine/search_four_tier.go:410.2,411.38 2 1
github.com/NortonBen/ai-memory-go/engine/search_four_tier.go:411.38,413.3 1 0
github.com/NortonBen/ai-memory-go/engine/search_four_tier.go:414.2,414.38 1 1
github.com/NortonBen/ai-memory-go/engine/search_four_tier.go:414.38,416.3 1 1
github.com/NortonBen/ai-memory-go/engine/search_four_tier.go:418.2,418.44 1 1
github.com/NortonBen/ai-memory-go/engine/search_four_tier.go:418.44,419.52 1 1
github.com/NortonBen/ai-memory-go/engine/search_four_tier.go:419.52,421.4 1 1
github.com/NortonBen/ai-memory-go/engine/search_four_tier.go:424.2,425.19 2 1
github.com/NortonBen/ai-memory-go/engine/search_four_tier.go:425.19,427.3 1 1
github.com/NortonBen/ai-memory-go/engine/search_four_tier.go:429.2,430.36 2 1
github.com/NortonBen/ai-memory-go/engine/search_four_tier.go:430.36,432.17 2 1
github.com/NortonBen/ai-memory-go/engine/search_four_tier.go:432.17,433.39 1 1
github.com/NortonBen/ai-memory-go/engine/search_four_tier.go:433.39,435.70 2 1
github.com/NortonBen/ai-memory-go/engine/search_four_tier.go:435.70,436.55 1 0
github.com/NortonBen/ai-memory-go/engine/search_four_tier.go:436.55,438.7 1 0
github.com/NortonBen/ai-memory-go/engine/search_four_tier.go:444.2,445.30 2 1
github.com/NortonBen/ai-memory-go/engine/search_four_tier.go:445.30,447.3 1 1
github.com/NortonBen/ai-memory-go/engine/search_four_tier.go:449.2,449.35 1 1
github.com/NortonBen/ai-memory-go/engine/search_four_tier.go:449.35,451.51 2 1
github.com/NortonBen/ai-memory-go/engine/search_four_tier.go:451.51,453.4 1 1
github.com/NortonBen/ai-memory-go/engine/search_four_tier.go:454.3,455.32 2 1
github.com/NortonBen/ai-memory-go/engine/search_four_tier.go:458.2,458.46 1 1
github.com/NortonBen/ai-memory-go/engine/search_four_tier.go:458.46,460.3 1 1
github.com/NortonBen/ai-memory-go/engine/search_four_tier.go:462.2,463.43 2 1
github.com/NortonBen/ai-memory-go/engine/search_four_tier.go:463.43,465.3 1 0
github.com/NortonBen/ai-memory-go/engine/search_four_tier.go:467.2,473.35 2 1
github.com/NortonBen/ai-memory-go/engine/search_four_tier.go:473.35,475.3 1 1
github.com/NortonBen/ai-memory-go/engine/search_four_tier.go:477.2,478.18 2 1
github.com/NortonBen/ai-memory-go/engine/search_four_tier.go:478.18,480.36 2 1
github.com/NortonBen/ai-memory-go/engine/search_four_tier.go:480.36,482.4 1 1
github.com/NortonBen/ai-memory-go/engine/search_four_tier.go:483.8,485.36 2 1
github.com/NortonBen/ai-memory-go/engine/search_four_tier.go:485.36,487.4 1 0
github.com/NortonBen/ai-memory-go/engine/search_four_tier.go:490.2,490.32 1 1
github.com/NortonBen/ai-memory-go/engine/search_four_tier.go:490.32,493.39 3 1
github.com/NortonBen/ai-memory-go/engine/search_four_tier.go:493.39,497.14 4 1
github.com/NortonBen/ai-memory-go/engine/search_four_tier.go:497.14,498.10 1 0
github.com/NortonBen/ai-memory-go/engine/search_four_tier.go:502.2,504.21 2 1
github.com/NortonBen/ai-memory-go/engine/search_session_filter.go:9.56,11.13 2 1
github.com/NortonBen/ai-memory-go/engine/search_session_filter.go:11.13,13.3 1 1
github.com/NortonBen/ai-memory-go/engine/search_session_filter.go:14.2,14.10 1 1
github.com/NortonBen/ai-memory-go/engine/search_session_filter.go:19.82,20.15 1 1
github.com/NortonBen/ai-memory-go/engine/search_session_filter.go:20.15,22.3 1 0
github.com/NortonBen/ai-memory-go/engine/search_session_filter.go:23.2,23.24 1 1
github.com/NortonBen/ai-memory-go/engine/search_session_filter.go:23.24,25.3 1 1
github.com/NortonBen/ai-memory-go/engine/search_session_filter.go:26.2,26.65 1 1
github.com/NortonBen/ai-memory-go/engine/task_cognify.go:32.216,33.33 1 1
github.com/NortonBen/ai-memory-go/engine/task_cognify.go:33.33,35.3 1 1
github.com/NortonBen/ai-memory-go/engine/task_cognify.go:39.2,39.36 1 1
github.com/NortonBen/ai-memory-go/engine/task_cognify.go:39.36,40.62 1 1
github.com/NortonBen/ai-memory-go/engine/task_cognify.go:40.62,42.80 1 0
github.com/NortonBen/ai-memory-go/engine/task_cognify.go:42.80,44.5 1 0
github.com/NortonBen/ai-memory-go/engine/task_cognify.go:45.4,45.14 1 0
github.com/NortonBen/ai-memory-go/engine/task_cognify.go:48.3,56.17 8 1
github.com/NortonBen/ai-memory-go/engine/task_cognify.go:56.17,58.4 1 0
github.com/NortonBen/ai-memory-go/engine/task_cognify.go:60.3,62.32 3 1
github.com/NortonBen/ai-memory-go/engine/task_cognify.go:62.32,84.59 10 1
github.com/NortonBen/ai-memory-go/engine/task_cognify.go:84.59,86.5 1 0
github.com/NortonBen/ai-memory-go/engine/task_cognify.go:87.4,87.52 1 1
github.com/NortonBen/ai-memory-go/engine/task_cognify.go:90.3,95.65 6 1
github.com/NortonBen/ai-memory-go/engine/task_cognify.go:95.65,97.4 1 0
github.com/NortonBen/ai-memory-go/engine/task_cognify.go:104.3,104.54 1 1
github.com/NortonBen/ai-memory-go/engine/task_cognify.go:104.54,107.42 1 0
github.com/NortonBen/ai-memory-go/engine/task_cognify.go:107.42,113.96 2 0
github.com/NortonBen/ai-memory-go/engine/task_cognify.go:113.96,115.6 1 0
github.com/NortonBen/ai-memory-go/engine/task_cognify.go:117.4,117.80 1 0
github.com/NortonBen/ai-memory-go/engine/task_cognify.go:117.80,119.5 1 0
github.com/NortonBen/ai-memory-go/engine/task_cognify.go:120.9,120.51 1 1
github.com/NortonBen/ai-memory-go/engine/task_cognify.go:120.51,125.14 5 1
github.com/NortonBen/ai-memory-go/engine/task_cognify.go:125.14,126.36 1 1
github.com/NortonBen/ai-memory-go/engine/task_cognify.go:126.36,131.6 1 1
github.com/NortonBen/ai-memory-go/engine/task_cognify.go:134.3,134.13 1 1
github.com/NortonBen/ai-memory-go/engine/task_cognify.go:137.2,138.64 2 1
github.com/NortonBen/ai-memory-go/engine/task_cognify.go:138.64,140.3 1 0
github.com/NortonBen/ai-memory-go/engine/task_cognify.go:143.2,153.16 8 1
github.com/NortonBen/ai-memory-go/engine/task_cognify.go:153.16,155.3 1 0
github.com/NortonBen/ai-memory-go/engine/task_cognify.go:157.2,168.42 4 1
github.com/NortonBen/ai-memory-go/engine/task_cognify.go:168.42,170.3 1 1
github.com/NortonBen/ai-memory-go/engine/task_cognify.go:172.2,176.31 4 1
github.com/NortonBen/ai-memory-go/engine/task_cognify.go:176.31,178.21 2 1
github.com/NortonBen/ai-memory-go/engine/task_cognify.go:178.21,183.21 3 1
github.com/NortonBen/ai-memory-go/engine/task_cognify.go:183.21,186.5 2 0
github.com/NortonBen/ai-memory-go/engine/task_cognify.go:189.4,189.26 1 1
github.com/NortonBen/ai-memory-go/engine/task_cognify.go:189.26,201.36 4 1
github.com/NortonBen/ai-memory-go/engine/task_cognify.go:201.36,202.99 1 1
github.com/NortonBen/ai-memory-go/engine/task_cognify.go:202.99,204.7 1 0
github.com/NortonBen/ai-memory-go/engine/task_cognify.go:205.6,205.84 1 1
github.com/NortonBen/ai-memory-go/engine/task_cognify.go:205.84,206.49 1 0
github.com/NortonBen/ai-memory-go/engine/task_cognify.go:206.49,208.8 1 0
github.com/NortonBen/ai-memory-go/engine/task_cognify.go:211.5,211.96 1 1
github.com/NortonBen/ai-memory-go/engine/task_cognify.go:211.96,213.6 1 0
github.com/NortonBen/ai-memory-go/engine/task_cognify.go:217.4,218.21 2 1
github.com/NortonBen/ai-memory-go/engine/task_cognify.go:218.21,221.5 2 0
github.com/NortonBen/ai-memory-go/engine/task_cognify.go:224.4,225.21 2 1
github.com/NortonBen/ai-memory-go/engine/task_cognify.go:225.21,227.5 1 0
github.com/NortonBen/ai-memory-go/engine/task_cognify.go:229.4,230.14 2 1
github.com/NortonBen/ai-memory-go/engine/task_cognify.go:235.2,242.28 5 1
github.com/NortonBen/ai-memory-go/engine/task_cognify.go:242.28,243.15 1 1
github.com/NortonBen/ai-memory-go/engine/task_cognify.go:243.15,244.12 1 0
github.com/NortonBen/ai-memory-go/engine/task_cognify.go:246.3,247.26 2 1
github.com/NortonBen/ai-memory-go/engine/task_cognify.go:247.26,249.4 1 0
github.com/NortonBen/ai-memory-go/engine/task_cognify.go:250.3,251.8 2 1
github.com/NortonBen/ai-memory-go/engine/task_cognify.go:255.2,255.30 1 1
github.com/NortonBen/ai-memory-go/engine/task_cognify.go:255.30,259.39 3 1
github.com/NortonBen/ai-memory-go/engine/task_cognify.go:259.39,260.29 1 1
github.com/NortonBen/ai-memory-go/engine/task_cognify.go:260.29,262.5 1 1
github.com/NortonBen/ai-memory-go/engine/task_cognify.go:264.3,264.28 1 1
github.com/NortonBen/ai-memory-go/engine/task_cognify.go:264.28,266.4 1 1
github.com/NortonBen/ai-memory-go/engine/task_cognify.go:267.3,270.44 2 1
github.com/NortonBen/ai-memory-go/engine/task_cognify.go:270.44,279.35 3 1
github.com/NortonBen/ai-memory-go/engine/task_cognify.go:279.35,280.98 1 1
github.com/NortonBen/ai-memory-go/engine/task_cognify.go:280.98,282.6 1 0
github.com/NortonBen/ai-memory-go/engine/task_cognify.go:283.5,283.83 1 1
github.com/NortonBen/ai-memory-go/engine/task_cognify.go:283.83,284.48 1 0
github.com/NortonBen/ai-memory-go/engine/task_cognify.go:284.48,286.7 1 0
github.com/NortonBen/ai-memory-go/engine/task_cognify.go:289.4,289.72 1 1
github.com/NortonBen/ai-memory-go/engine/task_cognify.go:293.2,302.64 6 1
github.com/NortonBen/ai-memory-go/engine/task_cognify.go:302.64,304.3 1 0
github.com/NortonBen/ai-memory-go/engine/task_cognify.go:307.2,307.25 1 1
github.com/NortonBen/ai-memory-go/engine/task_cognify.go:307.25,312.95 2 0
github.com/NortonBen/ai-memory-go/engine/task_cognify.go:312.95,314.4 1 0
github.com/NortonBen/ai-memory-go/engine/task_cognify.go:315.8,315.22 1 1
github.com/NortonBen/ai-memory-go/engine/task_cognify.go:315.22,320.3 1 1
github.com/NortonBen/ai-memory-go/engine/task_cognify.go:322.2,322.12 1 1
github.com/NortonBen/ai-memory-go/engine/task_cognify.go:325.60,326.15 1 1
github.com/NortonBen/ai-memory-go/engine/task_cognify.go:326.15,328.3 1 0
github.com/NortonBen/ai-memory-go/engine/task_cognify.go:329.2,330.24 2 1
github.com/NortonBen/ai-memory-go/engine/task_cognify.go:330.24,331.48 1 1
github.com/NortonBen/ai-memory-go/engine/task_cognify.go:332.16,333.18 1 1
github.com/NortonBen/ai-memory-go/engine/task_cognify.go:334.16,335.27 1 0
github.com/NortonBen/ai-memory-go/engine/task_cognify.go:338.2,340.32 2 1
github.com/NortonBen/ai-memory-go/engine/task_cognify.go:340.32,341.18 1 1
github.com/NortonBen/ai-memory-go/engine/task_cognify.go:341.18,342.12 1 0
github.com/NortonBen/ai-memory-go/engine/task_cognify.go:344.3,344.29 1 1
github.com/NortonBen/ai-memory-go/engine/task_cognify.go:344.29,346.4 1 0
github.com/NortonBen/ai-memory-go/engine/task_cognify.go:347.3,348.50 2 1
github.com/NortonBen/ai-memory-go/engine/task_cognify.go:348.50,350.4 1 0
github.com/NortonBen/ai-memory-go/engine/task_cognify.go:351.3,352.27 2 1
github.com/NortonBen/ai-memory-go/engine/task_cognify.go:352.27,354.4 1 1
github.com/NortonBen/ai-memory-go/engine/task_cognify.go:356.2,356.26 1 1
github.com/NortonBen/ai-memory-go/engine/task_cognify.go:356.26,357.36 1 1
github.com/NortonBen/ai-memory-go/engine/task_cognify.go:357.36,359.4 1 0
github.com/NortonBen/ai-memory-go/engine/task_cognify.go:360.3,361.57 2 1
github.com/NortonBen/ai-memory-go/engine/task_cognify.go:361.57,363.4 1 0
github.com/NortonBen/ai-memory-go/engine/task_cognify.go:364.3,365.34 2 1
github.com/NortonBen/ai-memory-go/engine/task_cognify.go:365.34,367.4 1 1
github.com/NortonBen/ai-memory-go/engine/task_cognify.go:371.89,377.2 5 0
github.com/NortonBen/ai-memory-go/engine/task_cognify.go:379.56,382.28 3 1
github.com/NortonBen/ai-memory-go/engine/task_cognify.go:382.28,384.3 1 1
github.com/NortonBen/ai-memory-go/engine/task_cognify.go:385.2,385.41 1 0
github.com/NortonBen/ai-memory-go/engine/task_cognify.go:388.50,390.2 1 1
github.com/NortonBen/ai-memory-go/engine/task_cognify.go:392.68,393.17 1 1
github.com/NortonBen/ai-memory-go/engine/task_cognify.go:393.17,395.3 1 0
github.com/NortonBen/ai-memory-go/engine/task_cognify.go:396.2,397.9 2 1
github.com/NortonBen/ai-memory-go/engine/task_cognify.go:397.9,399.3 1 1
github.com/NortonBen/ai-memory-go/engine/task_cognify.go:400.2,401.16 2 1
github.com/NortonBen/ai-memory-go/engine/task_cognify.go:404.71,406.25 2 1
github.com/NortonBen/ai-memory-go/engine/task_cognify.go:406.25,408.3 1 1
github.com/NortonBen/ai-memory-go/engine/task_cognify.go:409.2,409.12 1 1
github.com/NortonBen/ai-memory-go/engine/task_cognify.go:414.92,415.39 1 1
github.com/NortonBen/ai-memory-go/engine/task_cognify.go:415.39,417.3 1 0
github.com/NortonBen/ai-memory-go/engine/task_cognify.go:418.2,419.46 2 1
github.com/NortonBen/ai-memory-go/engine/task_cognify.go:419.46,420.106 1 1
github.com/NortonBen/ai-memory-go/engine/task_cognify.go:420.106,422.4 1 0
github.com/NortonBen/ai-memory-go/engine/task_cognify.go:424.2,424.20 1 1
github.com/NortonBen/ai-memory-go/engine/task_cognify.go:424.20,426.3 1 1
github.com/NortonBen/ai-memory-go/engine/task_cognify.go:427.2,429.78 3 1
github.com/NortonBen/ai-memory-go/engine/task_cognify.go:432.111,438.16 3 1
github.com/NortonBen/ai-memory-go/engine/task_cognify.go:438.16,440.3 1 0
github.com/NortonBen/ai-memory-go/engine/task_cognify.go:442.2,444.25 3 1
github.com/NortonBen/ai-memory-go/engine/task_cognify.go:444.25,445.25 1 1
github.com/NortonBen/ai-memory-go/engine/task_cognify.go:445.25,446.12 1 0
github.com/NortonBen/ai-memory-go/engine/task_cognify.go:448.3,449.38 2 1
github.com/NortonBen/ai-memory-go/engine/task_cognify.go:449.38,450.12 1 1
github.com/NortonBen/ai-memory-go/engine/task_cognify.go:452.3,453.52 2 1
github.com/NortonBen/ai-memory-go/engine/task_cognify.go:453.52,455.4 1 1
github.com/NortonBen/ai-memory-go/engine/task_cognify.go:458.2,460.37 3 1
github.com/NortonBen/ai-memory-go/engine/task_cognify.go:460.37,462.3 1 1
github.com/NortonBen/ai-memory-go/engine/task_cognify.go:462.8,464.3 1 0
github.com/NortonBen/ai-memory-go/engine/task_cognify.go:465.2,466.43 2 1
github.com/NortonBen/ai-memory-go/engine/task_memify.go:23.215,24.60 1 1
github.com/NortonBen/ai-memory-go/engine/task_memify.go:24.60,26.3 1 0
github.com/NortonBen/ai-memory-go/engine/task_memify.go:28.2,31.23 2 1
github.com/NortonBen/ai-memory-go/engine/task_memify.go:31.23,32.42 1 1
github.com/NortonBen/ai-memory-go/engine/task_memify.go:32.42,34.30 1 0
github.com/NortonBen/ai-memory-go/engine/task_memify.go:34.30,36.5 1 0
github.com/NortonBen/ai-memory-go/engine/task_memify.go:37.4,38.50 2 0
github.com/NortonBen/ai-memory-go/engine/task_memify.go:38.50,40.5 1 0
github.com/NortonBen/ai-memory-go/engine/task_memify.go:41.4,41.51 1 0
github.com/NortonBen/ai-memory-go/engine/task_memify.go:41.51,43.5 1 0
github.com/NortonBen/ai-memory-go/engine/task_memify.go:46.4,46.56 1 0
github.com/NortonBen/ai-memory-go/engine/task_memify.go:46.56,50.19 3 0
github.com/NortonBen/ai-memory-go/engine/task_memify.go:50.19,54.43 3 0
github.com/NortonBen/ai-memory-go/engine/task_memify.go:54.43,57.42 3 0
github.com/NortonBen/ai-memory-go/engine/task_memify.go:57.42,59.45 2 0
github.com/NortonBen/ai-memory-go/engine/task_memify.go:59.45,61.98 2 0
github.com/NortonBen/ai-memory-go/engine/task_memify.go:61.98,63.58 2 0
github.com/NortonBen/ai-memory-go/engine/task_memify.go:63.58,65.45 1 0
github.com/NortonBen/ai-memory-go/engine/task_memify.go:65.45,67.12 1 0
github.com/NortonBen/ai-memory-go/engine/task_memify.go:68.11,68.45 1 0
github.com/NortonBen/ai-memory-go/engine/task_memify.go:68.45,70.12 1 0
github.com/NortonBen/ai-memory-go/engine/task_memify.go:71.11,74.40 4 0
github.com/NortonBen/ai-memory-go/engine/task_memify.go:75.16,75.65 1 0
github.com/NortonBen/ai-memory-go/engine/task_memify.go:75.65,80.11 3 0
github.com/NortonBen/ai-memory-go/engine/task_memify.go:80.16,80.69 1 0
github.com/NortonBen/ai-memory-go/engine/task_memify.go:80.69,90.11 1 0
github.com/NortonBen/ai-memory-go/engine/task_memify.go:96.6,101.8 1 0
github.com/NortonBen/ai-memory-go/engine/task_memify.go:105.4,106.18 2 0
github.com/NortonBen/ai-memory-go/engine/task_memify.go:106.18,108.5 1 0
github.com/NortonBen/ai-memory-go/engine/task_memify.go:113.2,113.78 1 1
github.com/NortonBen/ai-memory-go/engine/task_memify.go:113.78,115.27 2 0
github.com/NortonBen/ai-memory-go/engine/task_memify.go:115.27,116.37 1 0
github.com/NortonBen/ai-memory-go/engine/task_memify.go:116.37,118.5 1 0
github.com/NortonBen/ai-memory-go/engine/task_memify.go:119.4,120.57 2 0
github.com/NortonBen/ai-memory-go/engine/task_memify.go:120.57,122.5 1 0
github.com/NortonBen/ai-memory-go/engine/task_memify.go:123.4,123.58 1 0
github.com/NortonBen/ai-memory-go/engine/task_memify.go:123.58,125.5 1 0
github.com/NortonBen/ai-memory-go/engine/task_memify.go:126.4,126.35 1 0
github.com/NortonBen/ai-memory-go/engine/task_memify.go:126.35,128.5 1 0
github.com/NortonBen/ai-memory-go/engine/task_memify.go:129.4,130.18 2 0
github.com/NortonBen/ai-memory-go/engine/task_memify.go:130.18,132.5 1 0
github.com/NortonBen/ai-memory-go/engine/task_memify.go:137.2,138.41 2 1
github.com/NortonBen/ai-memory-go/engine/task_memify.go:138.41,140.3 1 0
github.com/NortonBen/ai-memory-go/engine/task_memify.go:141.2,147.64 4 1
github.com/NortonBen/ai-memory-go/engine/task_memify.go:147.64,149.3 1 0
github.com/NortonBen/ai-memory-go/engine/task_memify.go:152.2,152.33 1 1
github.com/NortonBen/ai-memory-go/engine/task_memify.go:152.33,153.87 1 1
github.com/NortonBen/ai-memory-go/engine/task_memify.go:153.87,155.35 2 1
github.com/NortonBen/ai-memory-go/engine/task_memify.go:155.35,156.76 1 1
github.com/NortonBen/ai-memory-go/engine/task_memify.go:156.76,158.6 1 0
github.com/NortonBen/ai-memory-go/engine/task_memify.go:163.2,163.12 1 1
github.com/NortonBen/ai-memory-go/engine/task_memify.go:166.88,172.2 5 0
github.com/NortonBen/ai-memory-go/engine/think.go:14.113,15.60 1 1
github.com/NortonBen/ai-memory-go/engine/think.go:15.60,17.3 1 0
github.com/NortonBen/ai-memory-go/engine/think.go:19.2,22.43 3 1
github.com/NortonBen/ai-memory-go/engine/think.go:22.43,26.17 4 1
github.com/NortonBen/ai-memory-go/engine/think.go:26.17,28.4 1 0
github.com/NortonBen/ai-memory-go/engine/think.go:28.9,31.4 1 1
github.com/NortonBen/ai-memory-go/engine/think.go:35.2,44.16 3 1
github.com/NortonBen/ai-memory-go/engine/think.go:44.16,46.3 1 0
github.com/NortonBen/ai-memory-go/engine/think.go:49.2,50.16 2 1
github.com/NortonBen/ai-memory-go/engine/think.go:50.16,52.3 1 0
github.com/NortonBen/ai-memory-go/engine/think.go:53.2,54.25 2 1
github.com/NortonBen/ai-memory-go/engine/think.go:57.184,58.27 1 1
github.com/NortonBen/ai-memory-go/engine/think.go:58.27,60.3 1 1
github.com/NortonBen/ai-memory-go/engine/think.go:61.2,61.56 1 0
github.com/NortonBen/ai-memory-go/engine/think.go:64.186,66.111 1 1
github.com/NortonBen/ai-memory-go/engine/think.go:66.111,68.3 1 0
github.com/NortonBen/ai-memory-go/engine/think.go:70.2,71.28 2 1
github.com/NortonBen/ai-memory-go/engine/think.go:71.28,76.3 1 0
github.com/NortonBen/ai-memory-go/engine/think.go:76.8,80.3 1 1
github.com/NortonBen/ai-memory-go/engine/think.go:83.2,102.16 4 1
github.com/NortonBen/ai-memory-go/engine/think.go:102.16,104.3 1 0
github.com/NortonBen/ai-memory-go/engine/think.go:106.2,110.16 4 1
github.com/NortonBen/ai-memory-go/engine/think.go:110.16,112.29 2 1
github.com/NortonBen/ai-memory-go/engine/think.go:112.29,114.4 1 0
github.com/NortonBen/ai-memory-go/engine/think.go:116.2,118.21 2 1
github.com/NortonBen/ai-memory-go/engine/think.go:121.192,123.19 2 0
github.com/NortonBen/ai-memory-go/engine/think.go:123.19,125.3 1 0
github.com/NortonBen/ai-memory-go/engine/think.go:127.2,131.28 4 0
github.com/NortonBen/ai-memory-go/engine/think.go:131.28,137.3 1 0
github.com/NortonBen/ai-memory-go/engine/think.go:137.8,142.3 1 0
github.com/NortonBen/ai-memory-go/engine/think.go:144.2,144.42 1 0
github.com/NortonBen/ai-memory-go/engine/think.go:144.42,150.105 3 0
github.com/NortonBen/ai-memory-go/engine/think.go:150.105,152.18 2 0
github.com/NortonBen/ai-memory-go/engine/think.go:152.18,154.37 1 0
github.com/NortonBen/ai-memory-go/engine/think.go:154.37,157.6 2 0
github.com/NortonBen/ai-memory-go/engine/think.go:159.5,159.74 1 0
github.com/NortonBen/ai-memory-go/engine/think.go:163.3,190.17 3 0
github.com/NortonBen/ai-memory-go/engine/think.go:190.17,192.4 1 0
github.com/NortonBen/ai-memory-go/engine/think.go:194.3,203.17 4 0
github.com/NortonBen/ai-memory-go/engine/think.go:203.17,205.9 2 0
github.com/NortonBen/ai-memory-go/engine/think.go:208.3,208.62 1 0
github.com/NortonBen/ai-memory-go/engine/think.go:208.62,214.55 2 0
github.com/NortonBen/ai-memory-go/engine/think.go:214.55,216.34 2 0
github.com/NortonBen/ai-memory-go/engine/think.go:216.34,218.6 1 0
github.com/NortonBen/ai-memory-go/engine/think.go:220.4,220.9 1 0
github.com/NortonBen/ai-memory-go/engine/think.go:223.3,223.45 1 0
github.com/NortonBen/ai-memory-go/engine/think.go:223.45,227.54 3 0
github.com/NortonBen/ai-memory-go/engine/think.go:227.54,229.29 2 0
github.com/NortonBen/ai-memory-go/engine/think.go:229.29,234.40 4 0
github.com/NortonBen/ai-memory-go/engine/think.go:234.40,237.7 2 0
github.com/NortonBen/ai-memory-go/engine/think.go:240.5,240.68 1 0
github.com/NortonBen/ai-memory-go/engine/think.go:240.68,242.20 2 0
github.com/NortonBen/ai-memory-go/engine/think.go:242.20,244.37 2 0
github.com/NortonBen/ai-memory-go/engine/think.go:244.37,246.78 2 0
github.com/NortonBen/ai-memory-go/engine/think.go:246.78,248.9 1 0
github.com/NortonBen/ai-memory-go/engine/think.go:254.4,259.5 2 0
github.com/NortonBen/ai-memory-go/engine/think.go:260.9,265.4 1 0
github.com/NortonBen/ai-memory-go/engine/think.go:268.2,269.25 2 0
github.com/NortonBen/ai-memory-go/engine/think.go:272.209,279.35 5 0
github.com/NortonBen/ai-memory-go/engine/think.go:279.35,304.17 5 0
github.com/NortonBen/ai-memory-go/engine/think.go:304.17,306.4 1 0
github.com/NortonBen/ai-memory-go/engine/think.go:308.3,316.33 4 0
github.com/NortonBen/ai-memory-go/engine/think.go:316.33,318.4 1 0
github.com/NortonBen/ai-memory-go/engine/think.go:319.3,319.30 1 0
github.com/NortonBen/ai-memory-go/engine/think.go:319.30,324.4 1 0
github.com/NortonBen/ai-memory-go/engine/think.go:327.2,328.29 2 0
github.com/NortonBen/ai-memory-go/engine/think.go:328.29,330.3 1 0
github.com/NortonBen/ai-memory-go/engine/think.go:331.2,332.25 2 0
github.com/NortonBen/ai-memory-go/engine/think.go:335.183,343.35 6 0
github.com/NortonBen/ai-memory-go/engine/think.go:343.35,366.17 5 0
github.com/NortonBen/ai-memory-go/engine/think.go:366.17,368.4 1 0
github.com/NortonBen/ai-memory-go/engine/think.go:370.3,378.33 4 0
github.com/NortonBen/ai-memory-go/engine/think.go:378.33,380.4 1 0
github.com/NortonBen/ai-memory-go/engine/think.go:381.3,381.30 1 0
github.com/NortonBen/ai-memory-go/engine/think.go:381.30,383.4 1 0
github.com/NortonBen/ai-memory-go/engine/think.go:384.3,384.42 1 0
github.com/NortonBen/ai-memory-go/engine/think.go:384.42,386.4 1 0
github.com/NortonBen/ai-memory-go/engine/think.go:389.2,393.8 1 0
github.com/NortonBen/ai-memory-go/engine/utils.go:9.47,16.32 5 0
github.com/NortonBen/ai-memory-go/engine/utils.go:16.32,18.17 2 0
github.com/NortonBen/ai-memory-go/engine/utils.go:18.17,20.4 1 0
github.com/NortonBen/ai-memory-go/engine/utils.go:21.3,21.23 1 0
github.com/NortonBen/ai-memory-go/engine/utils.go:24.2,24.27 1 0
github.com/NortonBen/ai-memory-go/engine/utils.go:24.27,26.17 2 0
github.com/NortonBen/ai-memory-go/engine/utils.go:26.17,28.4 1 0
github.com/NortonBen/ai-memory-go/engine/utils.go:30.2,30.18 1 0
github.com/NortonBen/ai-memory-go/engine/utils.go:34.98,35.20 1 0
github.com/NortonBen/ai-memory-go/engine/utils.go:35.20,37.3 1 0
github.com/NortonBen/ai-memory-go/engine/utils.go:39.2,43.37 4 0
github.com/NortonBen/ai-memory-go/engine/utils.go:43.37,45.83 1 0
github.com/NortonBen/ai-memory-go/engine/utils.go:45.83,48.4 2 0
github.com/NortonBen/ai-memory-go/engine/utils.go:51.3,51.32 1 0
github.com/NortonBen/ai-memory-go/engine/utils.go:51.32,53.32 1 0
github.com/NortonBen/ai-memory-go/engine/utils.go:53.32,56.5 2 0
github.com/NortonBen/ai-memory-go/engine/utils.go:58.4,59.47 2 0
github.com/NortonBen/ai-memory-go/engine/utils.go:59.47,61.25 2 0
github.com/NortonBen/ai-memory-go/engine/utils.go:61.25,63.6 1 0
github.com/NortonBen/ai-memory-go/engine/utils.go:64.5,64.54 1 0
github.com/NortonBen/ai-memory-go/engine/utils.go:66.4,66.12 1 0
github.com/NortonBen/ai-memory-go/engine/utils.go:69.3,69.31 1 0
github.com/NortonBen/ai-memory-go/engine/utils.go:69.31,71.4 1 0
github.com/NortonBen/ai-memory-go/engine/utils.go:72.3,72.39 1 0
github.com/NortonBen/ai-memory-go/engine/utils.go:75.2,75.30 1 0
github.com/NortonBen/ai-memory-go/engine/utils.go:75.30,77.3 1 0
github.com/NortonBen/ai-memory-go/engine/utils.go:79.2,79.17 1 0
github.com/NortonBen/ai-memory-go/engine/worker_pool.go:34.190,45.2 1 1
github.com/NortonBen/ai-memory-go/engine/worker_pool.go:48.31,49.37 1 1
github.com/NortonBen/ai-memory-go/engine/worker_pool.go:49.37,52.3 2 1
github.com/NortonBen/ai-memory-go/engine/worker_pool.go:55.32,59.6 3 1
github.com/NortonBen/ai-memory-go/engine/worker_pool.go:59.6,60.10 1 1
github.com/NortonBen/ai-memory-go/engine/worker_pool.go:61.31,62.116 1 1
github.com/NortonBen/ai-memory-go/engine/worker_pool.go:62.116,64.5 1 0
github.com/NortonBen/ai-memory-go/engine/worker_pool.go:65.18,66.10 1 1
github.com/NortonBen/ai-memory-go/engine/worker_pool.go:72.47,74.2 1 1
github.com/NortonBen/ai-memory-go/engine/worker_pool.go:77.30,80.2 2 1
github.com/NortonBen/ai-memory-go/examples/chat_history_agent/main.go:23.13,78.6 30 0
github.com/NortonBen/ai-memory-go/examples/chat_history_agent/main.go:78.6,80.22 2 0
github.com/NortonBen/ai-memory-go/examples/chat_history_agent/main.go:80.22,81.9 1 0
github.com/NortonBen/ai-memory-go/examples/chat_history_agent/main.go:83.3,84.18 2 0
github.com/NortonBen/ai-memory-go/examples/chat_history_agent/main.go:84.18,85.12 1 0
github.com/NortonBen/ai-memory-go/examples/chat_history_agent/main.go:87.3,87.43 1 0
github.com/NortonBen/ai-memory-go/examples/chat_history_agent/main.go:87.43,89.9 2 0
github.com/NortonBen/ai-memory-go/examples/chat_history_agent/main.go:92.3,97.17 2 0
github.com/NortonBen/ai-memory-go/examples/chat_history_agent/main.go:97.17,99.12 2 0
github.com/NortonBen/ai-memory-go/examples/chat_history_agent/main.go:103.3,103.27 1 0
github.com/NortonBen/ai-memory-go/examples/chat_history_agent/main.go:103.27,105.44 2 0
github.com/NortonBen/ai-memory-go/examples/chat_history_agent/main.go:105.44,107.5 1 0
github.com/NortonBen/ai-memory-go/examples/chat_history_agent/main.go:108.4,108.17 1 0
github.com/NortonBen/ai-memory-go/examples/chat_history_agent/main.go:111.3,111.26 1 0
github.com/NortonBen/ai-memory-go/examples/chat_history_agent/main.go:111.26,113.4 1 0
github.com/NortonBen/ai-memory-go/examples/chat_history_agent/main.go:113.9,115.4 1 0
github.com/NortonBen/ai-memory-go/examples/chat_history_agent/main.go:119.36,120.16 1 0
github.com/NortonBen/ai-memory-go/examples/chat_history_agent/main.go:120.16,122.3 1 0
github.com/NortonBen/ai-memory-go/examples/consistency_reasoning/main.go:18.13,22.23 3 0
github.com/NortonBen/ai-memory-go/examples/consistency_reasoning/main.go:22.23,24.3 1 0
github.com/NortonBen/ai-memory-go/examples/consistency_reasoning/main.go:25.2,26.21 2 0
github.com/NortonBen/ai-memory-go/examples/consistency_reasoning/main.go:26.21,28.3 1 0
github.com/NortonBen/ai-memory-go/examples/consistency_reasoning/main.go:30.2,31.27 2 0
github.com/NortonBen/ai-memory-go/examples/consistency_reasoning/main.go:31.27,33.3 1 0
github.com/NortonBen/ai-memory-go/examples/consistency_reasoning/main.go:35.2,41.16 3 0
github.com/NortonBen/ai-memory-go/examples/consistency_reasoning/main.go:41.16,43.3 1 0
github.com/NortonBen/ai-memory-go/examples/consistency_reasoning/main.go:44.2,52.16 4 0
github.com/NortonBen/ai-memory-go/examples/consistency_reasoning/main.go:52.16,54.3 1 0
github.com/NortonBen/ai-memory-go/examples/consistency_reasoning/main.go:56.2,65.16 8 0
github.com/NortonBen/ai-memory-go/examples/consistency_reasoning/main.go:65.16,67.3 1 0
github.com/NortonBen/ai-memory-go/examples/consistency_reasoning/main.go:69.2,70.16 2 0
github.com/NortonBen/ai-memory-go/examples/consistency_reasoning/main.go:70.16,72.3 1 0
github.com/NortonBen/ai-memory-go/examples/consistency_reasoning/main.go:73.2,79.16 3 0
github.com/NortonBen/ai-memory-go/examples/consistency_reasoning/main.go:79.16,81.3 1 0
github.com/NortonBen/ai-memory-go/examples/consistency_reasoning/main.go:82.2,96.16 6 0
github.com/NortonBen/ai-memory-go/examples/consistency_reasoning/main.go:96.16,98.3 1 0
github.com/NortonBen/ai-memory-go/examples/consistency_reasoning/main.go:100.2,110.16 5 0
github.com/NortonBen/ai-memory-go/examples/consistency_reasoning/main.go:110.16,112.3 1 0
github.com/NortonBen/ai-memory-go/examples/consistency_reasoning/main.go:114.2,120.21 5 0
github.com/NortonBen/ai-memory-go/examples/consistency_reasoning/main.go:120.21,128.3 7 0
github.com/NortonBen/ai-memory-go/examples/consistency_reasoning/main.go:130.2,130.26 1 0
github.com/NortonBen/ai-memory-go/examples/consistency_reasoning/main.go:130.26,134.31 3 0
github.com/NortonBen/ai-memory-go/examples/consistency_reasoning/main.go:134.31,136.4 1 0
github.com/NortonBen/ai-memory-go/examples/consistency_reasoning/main.go:140.2,144.30 2 0
github.com/NortonBen/ai-memory-go/examples/doc_analyzer/main.go:67.13,78.76 7 0
github.com/NortonBen/ai-memory-go/examples/doc_analyzer/main.go:78.76,80.3 1 0
github.com/NortonBen/ai-memory-go/examples/doc_analyzer/main.go:81.2,81.76 1 0
github.com/NortonBen/ai-memory-go/examples/doc_analyzer/main.go:81.76,83.3 1 0
github.com/NortonBen/ai-memory-go/examples/doc_analyzer/main.go:84.2,98.4 7 0
github.com/NortonBen/ai-memory-go/examples/doc_analyzer/main.go:98.4,100.3 1 0
github.com/NortonBen/ai-memory-go/examples/doc_analyzer/main.go:102.2,143.40 20 0
github.com/NortonBen/ai-memory-go/examples/doc_analyzer/main.go:143.40,145.17 2 0
github.com/NortonBen/ai-memory-go/examples/doc_analyzer/main.go:145.17,147.12 2 0
github.com/NortonBen/ai-memory-go/examples/doc_analyzer/main.go:149.3,153.22 4 0
github.com/NortonBen/ai-memory-go/examples/doc_analyzer/main.go:153.22,155.4 1 0
github.com/NortonBen/ai-memory-go/examples/doc_analyzer/main.go:155.9,157.38 2 0
github.com/NortonBen/ai-memory-go/examples/doc_analyzer/main.go:157.38,159.5 1 0
github.com/NortonBen/ai-memory-go/examples/doc_analyzer/main.go:161.3,161.16 1 0
github.com/NortonBen/ai-memory-go/examples/doc_analyzer/main.go:163.2,199.40 21 0
github.com/NortonBen/ai-memory-go/examples/doc_analyzer/main.go:199.40,213.3 5 0
github.com/NortonBen/ai-memory-go/examples/doc_analyzer/main.go:214.2,221.59 5 0
github.com/NortonBen/ai-memory-go/examples/doc_analyzer/main.go:221.59,223.3 1 0
github.com/NortonBen/ai-memory-go/examples/doc_analyzer/main.go:224.2,234.34 8 0
github.com/NortonBen/ai-memory-go/examples/doc_analyzer/main.go:234.34,236.20 2 0
github.com/NortonBen/ai-memory-go/examples/doc_analyzer/main.go:236.20,239.9 3 0
github.com/NortonBen/ai-memory-go/examples/doc_analyzer/main.go:241.3,242.37 2 0
github.com/NortonBen/ai-memory-go/examples/doc_analyzer/main.go:244.2,249.92 4 0
github.com/NortonBen/ai-memory-go/examples/doc_analyzer/main.go:249.92,251.33 2 0
github.com/NortonBen/ai-memory-go/examples/doc_analyzer/main.go:251.33,252.12 1 0
github.com/NortonBen/ai-memory-go/examples/doc_analyzer/main.go:254.3,255.24 2 0
github.com/NortonBen/ai-memory-go/examples/doc_analyzer/main.go:255.24,259.19 4 0
github.com/NortonBen/ai-memory-go/examples/doc_analyzer/main.go:259.19,261.5 1 0
github.com/NortonBen/ai-memory-go/examples/doc_analyzer/main.go:261.10,263.5 1 0
github.com/NortonBen/ai-memory-go/examples/doc_analyzer/main.go:268.2,268.27 1 0
github.com/NortonBen/ai-memory-go/examples/doc_analyzer/main.go:268.27,270.40 2 0
github.com/NortonBen/ai-memory-go/examples/doc_analyzer/main.go:270.40,273.4 2 0
github.com/NortonBen/ai-memory-go/examples/doc_analyzer/main.go:277.2,279.31 3 0
github.com/NortonBen/ai-memory-go/examples/doc_analyzer/main.go:279.31,281.36 2 0
github.com/NortonBen/ai-memory-go/examples/doc_analyzer/main.go:281.36,282.12 1 0
github.com/NortonBen/ai-memory-go/examples/doc_analyzer/main.go:284.3,286.26 3 0
github.com/NortonBen/ai-memory-go/examples/doc_analyzer/main.go:286.26,287.12 1 0
github.com/NortonBen/ai-memory-go/examples/doc_analyzer/main.go:289.3,290.31 2 0
github.com/NortonBen/ai-memory-go/examples/doc_analyzer/main.go:290.31,294.4 3 0
github.com/NortonBen/ai-memory-go/examples/doc_analyzer/main.go:298.2,305.32 3 0
github.com/NortonBen/ai-memory-go/examples/doc_analyzer/main.go:305.32,307.17 2 0
github.com/NortonBen/ai-memory-go/examples/doc_analyzer/main.go:307.17,308.12 1 0
github.com/NortonBen/ai-memory-go/examples/doc_analyzer/main.go:310.3,311.35 2 0
github.com/NortonBen/ai-memory-go/examples/doc_analyzer/main.go:311.35,313.12 2 0
github.com/NortonBen/ai-memory-go/examples/doc_analyzer/main.go:315.3,317.26 3 0
github.com/NortonBen/ai-memory-go/examples/doc_analyzer/main.go:317.26,319.19 2 0
github.com/NortonBen/ai-memory-go/examples/doc_analyzer/main.go:319.19,321.5 1 0
github.com/NortonBen/ai-memory-go/examples/doc_analyzer/main.go:322.4,323.20 2 0
github.com/NortonBen/ai-memory-go/examples/doc_analyzer/main.go:323.20,324.13 1 0
github.com/NortonBen/ai-memory-go/examples/doc_analyzer/main.go:326.4,328.18 3 0
github.com/NortonBen/ai-memory-go/examples/doc_analyzer/main.go:328.18,330.5 1 0
github.com/NortonBen/ai-memory-go/examples/doc_analyzer/main.go:331.4,331.68 1 0
github.com/NortonBen/ai-memory-go/examples/doc_analyzer/main.go:336.2,369.58 7 0
github.com/NortonBen/ai-memory-go/examples/doc_analyzer/main.go:374.15,381.2 6 0
github.com/NortonBen/ai-memory-go/examples/doc_analyzer/main.go:383.28,383.59 1 0
github.com/NortonBen/ai-memory-go/examples/doc_analyzer/main.go:385.39,387.17 2 0
github.com/NortonBen/ai-memory-go/examples/doc_analyzer/main.go:387.17,389.3 1 0
github.com/NortonBen/ai-memory-go/examples/doc_analyzer/main.go:390.2,390.30 1 0
github.com/NortonBen/ai-memory-go/examples/doc_analyzer/main.go:393.41,394.6 1 0
github.com/NortonBen/ai-memory-go/examples/doc_analyzer/main.go:394.6,396.14 2 0
github.com/NortonBen/ai-memory-go/examples/doc_analyzer/main.go:396.14,398.4 1 0
github.com/NortonBen/ai-memory-go/examples/doc_analyzer/main.go:399.3,399.16 1 0
github.com/NortonBen/ai-memory-go/examples/doc_analyzer/main.go:403.60,406.26 3 0
github.com/NortonBen/ai-memory-go/examples/doc_analyzer/main.go:406.26,409.18 3 0
github.com/NortonBen/ai-memory-go/examples/doc_analyzer/main.go:409.18,411.4 1 0
github.com/NortonBen/ai-memory-go/examples/doc_analyzer/main.go:412.3,413.17 2 0
github.com/NortonBen/ai-memory-go/examples/doc_analyzer/main.go:413.17,416.4 2 0
github.com/NortonBen/ai-memory-go/examples/doc_analyzer/main.go:418.2,418.10 1 0
github.com/NortonBen/ai-memory-go/examples/doc_analyzer/main.go:421.34,427.2 5 0
github.com/NortonBen/ai-memory-go/examples/doc_analyzer/main.go:429.44,434.2 3 0
github.com/NortonBen/ai-memory-go/examples/doc_analyzer/main.go:436.35,437.41 1 0
github.com/NortonBen/ai-memory-go/examples/doc_analyzer/main.go:437.41,439.3 1 0
github.com/NortonBen/ai-memory-go/examples/doc_analyzer/main.go:442.36,443.16 1 0
github.com/NortonBen/ai-memory-go/examples/doc_analyzer/main.go:443.16,445.3 1 0
github.com/NortonBen/ai-memory-go/examples/harrier_onnx/main.go:61.13,81.42 12 0
github.com/NortonBen/ai-memory-go/examples/harrier_onnx/main.go:81.42,83.3 1 0
github.com/NortonBen/ai-memory-go/examples/harrier_onnx/main.go:85.2,89.21 5 0
github.com/NortonBen/ai-memory-go/examples/harrier_onnx/main.go:89.21,91.3 1 0
github.com/NortonBen/ai-memory-go/examples/harrier_onnx/main.go:91.8,93.3 1 0
github.com/NortonBen/ai-memory-go/examples/harrier_onnx/main.go:96.2,111.4 9 0
github.com/NortonBen/ai-memory-go/examples/harrier_onnx/main.go:111.4,114.3 2 0
github.com/NortonBen/ai-memory-go/examples/harrier_onnx/main.go:117.2,122.26 3 0
github.com/NortonBen/ai-memory-go/examples/harrier_onnx/main.go:122.26,126.3 3 0
github.com/NortonBen/ai-memory-go/examples/harrier_onnx/main.go:129.2,155.21 15 0
github.com/NortonBen/ai-memory-go/examples/harrier_onnx/main.go:155.21,158.3 2 0
github.com/NortonBen/ai-memory-go/examples/harrier_onnx/main.go:158.8,171.3 7 0
github.com/NortonBen/ai-memory-go/examples/harrier_onnx/main.go:174.2,198.30 8 0
github.com/NortonBen/ai-memory-go/examples/harrier_onnx/main.go:198.30,210.3 5 0
github.com/NortonBen/ai-memory-go/examples/harrier_onnx/main.go:225.2,227.59 3 0
github.com/NortonBen/ai-memory-go/examples/harrier_onnx/main.go:227.59,229.3 1 0
github.com/NortonBen/ai-memory-go/examples/harrier_onnx/main.go:230.2,238.23 2 0
github.com/NortonBen/ai-memory-go/examples/harrier_onnx/main.go:238.23,241.41 3 0
github.com/NortonBen/ai-memory-go/examples/harrier_onnx/main.go:241.41,243.13 2 0
github.com/NortonBen/ai-memory-go/examples/harrier_onnx/main.go:243.13,245.10 2 0
github.com/NortonBen/ai-memory-go/examples/harrier_onnx/main.go:247.4,248.31 2 0
github.com/NortonBen/ai-memory-go/examples/harrier_onnx/main.go:250.3,250.16 1 0
github.com/NortonBen/ai-memory-go/examples/harrier_onnx/main.go:251.8,253.3 1 0
github.com/NortonBen/ai-memory-go/examples/harrier_onnx/main.go:256.2,262.28 3 0
github.com/NortonBen/ai-memory-go/examples/harrier_onnx/main.go:262.28,266.17 4 0
github.com/NortonBen/ai-memory-go/examples/harrier_onnx/main.go:266.17,268.12 2 0
github.com/NortonBen/ai-memory-go/examples/harrier_onnx/main.go:270.3,272.26 3 0
github.com/NortonBen/ai-memory-go/examples/harrier_onnx/main.go:272.26,274.19 2 0
github.com/NortonBen/ai-memory-go/examples/harrier_onnx/main.go:274.19,276.5 1 0
github.com/NortonBen/ai-memory-go/examples/harrier_onnx/main.go:277.4,278.20 2 0
github.com/NortonBen/ai-memory-go/examples/harrier_onnx/main.go:278.20,279.13 1 0
github.com/NortonBen/ai-memory-go/examples/harrier_onnx/main.go:281.4,283.18 3 0
github.com/NortonBen/ai-memory-go/examples/harrier_onnx/main.go:283.18,285.5 1 0
github.com/NortonBen/ai-memory-go/examples/harrier_onnx/main.go:286.4,286.62 1 0
github.com/NortonBen/ai-memory-go/examples/harrier_onnx/main.go:291.2,298.21 6 0
github.com/NortonBen/ai-memory-go/examples/harrier_onnx/main.go:298.21,301.3 2 0
github.com/NortonBen/ai-memory-go/examples/harrier_onnx/main.go:301.8,308.5 1 0
github.com/NortonBen/ai-memory-go/examples/harrier_onnx/main.go:308.5,310.34 2 0
github.com/NortonBen/ai-memory-go/examples/harrier_onnx/main.go:310.34,311.13 1 0
github.com/NortonBen/ai-memory-go/examples/harrier_onnx/main.go:313.4,314.25 2 0
github.com/NortonBen/ai-memory-go/examples/harrier_onnx/main.go:314.25,316.19 2 0
github.com/NortonBen/ai-memory-go/examples/harrier_onnx/main.go:316.19,318.6 1 0
github.com/NortonBen/ai-memory-go/examples/harrier_onnx/main.go:319.5,319.57 1 0
github.com/NortonBen/ai-memory-go/examples/harrier_onnx/main.go:324.3,325.34 2 0
github.com/NortonBen/ai-memory-go/examples/harrier_onnx/main.go:325.34,327.41 2 0
github.com/NortonBen/ai-memory-go/examples/harrier_onnx/main.go:327.41,328.13 1 0
github.com/NortonBen/ai-memory-go/examples/harrier_onnx/main.go:330.4,331.32 2 0
github.com/NortonBen/ai-memory-go/examples/harrier_onnx/main.go:331.32,333.19 2 0
github.com/NortonBen/ai-memory-go/examples/harrier_onnx/main.go:333.19,335.6 1 0
github.com/NortonBen/ai-memory-go/examples/harrier_onnx/main.go:336.5,336.50 1 0
github.com/NortonBen/ai-memory-go/examples/harrier_onnx/main.go:338.4,338.9 1 0
github.com/NortonBen/ai-memory-go/examples/harrier_onnx/main.go:342.3,344.37 3 0
github.com/NortonBen/ai-memory-go/examples/harrier_onnx/main.go:344.37,345.30 1 0
github.com/NortonBen/ai-memory-go/examples/harrier_onnx/main.go:345.30,348.33 3 0
github.com/NortonBen/ai-memory-go/examples/harrier_onnx/main.go:348.33,351.6 2 0
github.com/NortonBen/ai-memory-go/examples/harrier_onnx/main.go:353.9,355.4 1 0
github.com/NortonBen/ai-memory-go/examples/harrier_onnx/main.go:359.2,360.21 2 0
github.com/NortonBen/ai-memory-go/examples/harrier_onnx/main.go:360.21,363.3 2 0
github.com/NortonBen/ai-memory-go/examples/harrier_onnx/main.go:364.2,371.16 3 0
github.com/NortonBen/ai-memory-go/examples/harrier_onnx/main.go:371.16,373.3 1 0
github.com/NortonBen/ai-memory-go/examples/harrier_onnx/main.go:373.8,375.34 2 0
github.com/NortonBen/ai-memory-go/examples/harrier_onnx/main.go:375.34,377.4 1 0
github.com/NortonBen/ai-memory-go/examples/harrier_onnx/main.go:378.3,378.31 1 0
github.com/NortonBen/ai-memory-go/examples/harrier_onnx/main.go:378.31,380.4 1 0
github.com/NortonBen/ai-memory-go/examples/harrier_onnx/main.go:384.2,385.47 2 0
github.com/NortonBen/ai-memory-go/examples/harrier_onnx/main.go:385.47,387.3 1 0
github.com/NortonBen/ai-memory-go/examples/harrier_onnx/main.go:387.8,389.3 1 0
github.com/NortonBen/ai-memory-go/examples/harrier_onnx/main.go:390.2,397.39 7 0
github.com/NortonBen/ai-memory-go/examples/harrier_onnx/main.go:402.40,404.19 2 0
github.com/NortonBen/ai-memory-go/examples/harrier_onnx/main.go:404.19,408.3 3 0
github.com/NortonBen/ai-memory-go/examples/harrier_onnx/main.go:409.2,410.15 2 0
github.com/NortonBen/ai-memory-go/examples/harrier_onnx/main.go:410.15,412.3 1 0
github.com/NortonBen/ai-memory-go/examples/harrier_onnx/main.go:413.2,413.16 1 0
github.com/NortonBen/ai-memory-go/examples/harrier_onnx/main.go:416.39,418.17 2 0
github.com/NortonBen/ai-memory-go/examples/harrier_onnx/main.go:418.17,420.3 1 0
github.com/NortonBen/ai-memory-go/examples/harrier_onnx/main.go:421.2,421.30 1 0
github.com/NortonBen/ai-memory-go/examples/harrier_onnx/main.go:424.32,425.18 1 0
github.com/NortonBen/ai-memory-go/examples/harrier_onnx/main.go:425.18,427.3 1 0
github.com/NortonBen/ai-memory-go/examples/harrier_onnx/main.go:428.2,428.11 1 0
github.com/NortonBen/ai-memory-go/examples/harrier_onnx/main.go:431.38,434.26 3 0
github.com/NortonBen/ai-memory-go/examples/harrier_onnx/main.go:434.26,436.16 2 0
github.com/NortonBen/ai-memory-go/examples/harrier_onnx/main.go:436.16,438.4 1 0
github.com/NortonBen/ai-memory-go/examples/harrier_onnx/main.go:440.2,440.20 1 0
github.com/NortonBen/ai-memory-go/examples/harrier_onnx/main.go:443.42,444.34 1 0
github.com/NortonBen/ai-memory-go/examples/harrier_onnx/main.go:444.34,446.3 1 0
github.com/NortonBen/ai-memory-go/examples/harrier_onnx/main.go:447.2,447.17 1 0
github.com/NortonBen/ai-memory-go/examples/harrier_onnx/main.go:450.41,451.6 1 0
github.com/NortonBen/ai-memory-go/examples/harrier_onnx/main.go:451.6,453.14 2 0
github.com/NortonBen/ai-memory-go/examples/harrier_onnx/main.go:453.14,455.4 1 0
github.com/NortonBen/ai-memory-go/examples/harrier_onnx/main.go:456.3,456.16 1 0
github.com/NortonBen/ai-memory-go/examples/harrier_onnx/main.go:460.34,461.41 1 0
github.com/NortonBen/ai-memory-go/examples/harrier_onnx/main.go:461.41,463.3 1 0
github.com/NortonBen/ai-memory-go/examples/harrier_onnx/main.go:466.36,467.16 1 0
github.com/NortonBen/ai-memory-go/examples/harrier_onnx/main.go:467.16,469.3 1 0
github.com/NortonBen/ai-memory-go/examples/engine_lmstudio_flow/main.go:22.13,86.27 35 0
[...]
github.com/NortonBen/ai-memory-go/extractor/providers/llm/anthropic/provider_anthropic.go:718.24,720.3 1 1
github.com/NortonBen/ai-memory-go/extractor/providers/llm/anthropic/provider_anthropic.go:721.2,721.27 1 1
github.com/NortonBen/ai-memory-go/extractor/providers/llm/anthropic/provider_anthropic.go:721.27,723.3 1 1
github.com/NortonBen/ai-memory-go/extractor/providers/llm/anthropic/provider_anthropic.go:724.2,724.24 1 1
github.com/NortonBen/ai-memory-go/extractor/providers/llm/anthropic/provider_anthropic.go:724.24,727.3 2 1
github.com/NortonBen/ai-memory-go/extractor/providers/llm/anthropic/provider_anthropic.go:729.2,729.12 1 1
github.com/NortonBen/ai-memory-go/extractor/providers/llm/anthropic/provider_anthropic.go:733.75,741.2 1 1
github.com/NortonBen/ai-memory-go/extractor/providers/llm/anthropic/provider_anthropic.go:744.44,748.2 2 1
github.com/NortonBen/ai-memory-go/vector/embedders/onnx/onnx_embedder.go:67.13,68.125 1 1
github.com/NortonBen/ai-memory-go/vector/embedders/onnx/onnx_embedder.go:68.125,71.22 3 0
github.com/NortonBen/ai-memory-go/vector/embedders/onnx/onnx_embedder.go:71.22,73.4 1 0
github.com/NortonBen/ai-memory-go/vector/embedders/onnx/onnx_embedder.go:74.3,74.26 1 0
github.com/NortonBen/ai-memory-go/vector/embedders/onnx/onnx_embedder.go:74.26,76.4 1 0
github.com/NortonBen/ai-memory-go/vector/embedders/onnx/onnx_embedder.go:78.3,79.53 2 0
github.com/NortonBen/ai-memory-go/vector/embedders/onnx/onnx_embedder.go:79.53,81.4 1 0
github.com/NortonBen/ai-memory-go/vector/embedders/onnx/onnx_embedder.go:83.3,85.55 3 0
github.com/NortonBen/ai-memory-go/vector/embedders/onnx/onnx_embedder.go:85.55,87.4 1 0
github.com/NortonBen/ai-memory-go/vector/embedders/onnx/onnx_embedder.go:89.3,90.27 2 0
github.com/NortonBen/ai-memory-go/vector/embedders/onnx/onnx_embedder.go:90.27,92.4 1 0
github.com/NortonBen/ai-memory-go/vector/embedders/onnx/onnx_embedder.go:93.3,93.90 1 0
github.com/NortonBen/ai-memory-go/vector/embedders/onnx/onnx_embedder.go:126.136,128.2 1 1
github.com/NortonBen/ai-memory-go/vector/embedders/onnx/onnx_embedder.go:132.172,134.2 1 0
github.com/NortonBen/ai-memory-go/vector/embedders/onnx/onnx_embedder.go:136.159,138.16 2 1
github.com/NortonBen/ai-memory-go/vector/embedders/onnx/onnx_embedder.go:138.16,140.3 1 0
github.com/NortonBen/ai-memory-go/vector/embedders/onnx/onnx_embedder.go:141.2,142.16 2 1
github.com/NortonBen/ai-memory-go/vector/embedders/onnx/onnx_embedder.go:142.16,144.3 1 0
github.com/NortonBen/ai-memory-go/vector/embedders/onnx/onnx_embedder.go:145.2,146.16 2 1
github.com/NortonBen/ai-memory-go/vector/embedders/onnx/onnx_embedder.go:146.16,148.3 1 0
github.com/NortonBen/ai-memory-go/vector/embedders/onnx/onnx_embedder.go:149.2,149.50 1 1
github.com/NortonBen/ai-memory-go/vector/embedders/onnx/onnx_embedder.go:149.50,151.3 1 0
github.com/NortonBen/ai-memory-go/vector/embedders/onnx/onnx_embedder.go:152.2,152.44 1 1
github.com/NortonBen/ai-memory-go/vector/embedders/onnx/onnx_embedder.go:152.44,154.3 1 0
github.com/NortonBen/ai-memory-go/vector/embedders/onnx/onnx_embedder.go:156.2,157.16 2 1
github.com/NortonBen/ai-memory-go/vector/embedders/onnx/onnx_embedder.go:157.16,159.3 1 0
github.com/NortonBen/ai-memory-go/vector/embedders/onnx/onnx_embedder.go:162.2,163.24 2 1
github.com/NortonBen/ai-memory-go/vector/embedders/onnx/onnx_embedder.go:163.24,164.58 1 1
github.com/NortonBen/ai-memory-go/vector/embedders/onnx/onnx_embedder.go:164.58,166.4 1 0
github.com/NortonBen/ai-memory-go/vector/embedders/onnx/onnx_embedder.go:166.9,168.24 1 1
github.com/NortonBen/ai-memory-go/vector/embedders/onnx/onnx_embedder.go:169.18,173.7 1 1
github.com/NortonBen/ai-memory-go/vector/embedders/onnx/onnx_embedder.go:173.7,174.38 1 1
github.com/NortonBen/ai-memory-go/vector/embedders/onnx/onnx_embedder.go:174.38,176.12 2 1
github.com/NortonBen/ai-memory-go/vector/embedders/onnx/onnx_embedder.go:179.17,183.7 1 0
github.com/NortonBen/ai-memory-go/vector/embedders/onnx/onnx_embedder.go:183.7,184.38 1 0
github.com/NortonBen/ai-memory-go/vector/embedders/onnx/onnx_embedder.go:184.38,186.12 2 0
github.com/NortonBen/ai-memory-go/vector/embedders/onnx/onnx_embedder.go:191.3,191.40 1 1
github.com/NortonBen/ai-memory-go/vector/embedders/onnx/onnx_embedder.go:193.2,193.20 1 1
github.com/NortonBen/ai-memory-go/vector/embedders/onnx/onnx_embedder.go:193.20,195.3 1 0
github.com/NortonBen/ai-memory-go/vector/embedders/onnx/onnx_embedder.go:197.2,197.20 1 1
github.com/NortonBen/ai-memory-go/vector/embedders/onnx/onnx_embedder.go:197.20,199.3 1 0
github.com/NortonBen/ai-memory-go/vector/embedders/onnx/onnx_embedder.go:201.2,212.40 2 1
github.com/NortonBen/ai-memory-go/vector/embedders/onnx/onnx_embedder.go:212.40,214.3 1 0
github.com/NortonBen/ai-memory-go/vector/embedders/onnx/onnx_embedder.go:216.2,216.15 1 1
github.com/NortonBen/ai-memory-go/vector/embedders/onnx/onnx_embedder.go:220.47,225.16 3 1
github.com/NortonBen/ai-memory-go/vector/embedders/onnx/onnx_embedder.go:225.16,227.3 1 0
github.com/NortonBen/ai-memory-go/vector/embedders/onnx/onnx_embedder.go:228.2,229.16 2 1
github.com/NortonBen/ai-memory-go/vector/embedders/onnx/onnx_embedder.go:229.16,232.3 2 0
github.com/NortonBen/ai-memory-go/vector/embedders/onnx/onnx_embedder.go:235.2,237.16 3 1
github.com/NortonBen/ai-memory-go/vector/embedders/onnx/onnx_embedder.go:237.16,241.3 3 0
github.com/NortonBen/ai-memory-go/vector/embedders/onnx/onnx_embedder.go:243.2,244.16 2 1
github.com/NortonBen/ai-memory-go/vector/embedders/onnx/onnx_embedder.go:244.16,249.3 4 0
github.com/NortonBen/ai-memory-go/vector/embedders/onnx/onnx_embedder.go:250.2,254.20 3 1
github.com/NortonBen/ai-memory-go/vector/embedders/onnx/onnx_embedder.go:254.20,259.3 4 0
github.com/NortonBen/ai-memory-go/vector/embedders/onnx/onnx_embedder.go:260.2,270.16 3 1
github.com/NortonBen/ai-memory-go/vector/embedders/onnx/onnx_embedder.go:270.16,275.3 4 0
github.com/NortonBen/ai-memory-go/vector/embedders/onnx/onnx_embedder.go:277.2,278.12 2 1
github.com/NortonBen/ai-memory-go/vector/embedders/onnx/onnx_embedder.go:282.98,284.2 1 1
github.com/NortonBen/ai-memory-go/vector/embedders/onnx/onnx_embedder.go:287.104,289.2 1 1
github.com/NortonBen/ai-memory-go/vector/embedders/onnx/onnx_embedder.go:292.109,294.26 2 1
github.com/NortonBen/ai-memory-go/vector/embedders/onnx/onnx_embedder.go:294.26,296.17 2 1
github.com/NortonBen/ai-memory-go/vector/embedders/onnx/onnx_embedder.go:296.17,298.4 1 0
github.com/NortonBen/ai-memory-go/vector/embedders/onnx/onnx_embedder.go:299.3,300.10 2 1
github.com/NortonBen/ai-memory-go/vector/embedders/onnx/onnx_embedder.go:301.21,302.25 1 0
github.com/NortonBen/ai-memory-go/vector/embedders/onnx/onnx_embedder.go:303.11,303.11 0 1
github.com/NortonBen/ai-memory-go/vector/embedders/onnx/onnx_embedder.go:306.2,306.17 1 1
github.com/NortonBen/ai-memory-go/vector/embedders/onnx/onnx_embedder.go:310.47,310.68 1 1
github.com/NortonBen/ai-memory-go/vector/embedders/onnx/onnx_embedder.go:313.45,313.65 1 1
github.com/NortonBen/ai-memory-go/vector/embedders/onnx/onnx_embedder.go:316.57,316.84 1 0
github.com/NortonBen/ai-memory-go/vector/embedders/onnx/onnx_embedder.go:319.54,319.81 1 0
github.com/NortonBen/ai-memory-go/vector/embedders/onnx/onnx_embedder.go:322.61,323.22 1 1
github.com/NortonBen/ai-memory-go/vector/embedders/onnx/onnx_embedder.go:323.22,325.3 1 0
github.com/NortonBen/ai-memory-go/vector/embedders/onnx/onnx_embedder.go:326.2,326.24 1 1
github.com/NortonBen/ai-memory-go/vector/embedders/onnx/onnx_embedder.go:326.24,328.3 1 0
github.com/NortonBen/ai-memory-go/vector/embedders/onnx/onnx_embedder.go:329.2,330.12 2 1
github.com/NortonBen/ai-memory-go/vector/embedders/onnx/onnx_embedder.go:334.41,337.22 3 0
github.com/NortonBen/ai-memory-go/vector/embedders/onnx/onnx_embedder.go:337.22,340.3 2 0
github.com/NortonBen/ai-memory-go/vector/embedders/onnx/onnx_embedder.go:341.2,341.12 1 0
github.com/NortonBen/ai-memory-go/vector/embedders/onnx/onnx_embedder.go:350.98,351.31 1 1
github.com/NortonBen/ai-memory-go/vector/embedders/onnx/onnx_embedder.go:351.31,353.3 1 1
github.com/NortonBen/ai-memory-go/vector/embedders/onnx/onnx_embedder.go:356.2,367.16 8 1
github.com/NortonBen/ai-memory-go/vector/embedders/onnx/onnx_embedder.go:367.16,369.3 1 0
github.com/NortonBen/ai-memory-go/vector/embedders/onnx/onnx_embedder.go:370.2,373.16 3 1
github.com/NortonBen/ai-memory-go/vector/embedders/onnx/onnx_embedder.go:373.16,375.3 1 0
github.com/NortonBen/ai-memory-go/vector/embedders/onnx/onnx_embedder.go:376.2,380.16 4 1
github.com/NortonBen/ai-memory-go/vector/embedders/onnx/onnx_embedder.go:380.16,382.3 1 0
github.com/NortonBen/ai-memory-go/vector/embedders/onnx/onnx_embedder.go:383.2,388.30 4 1
github.com/NortonBen/ai-memory-go/vector/embedders/onnx/onnx_embedder.go:388.30,391.3 2 1
github.com/NortonBen/ai-memory-go/vector/embedders/onnx/onnx_embedder.go:394.2,395.16 2 1
github.com/NortonBen/ai-memory-go/vector/embedders/onnx/onnx_embedder.go:395.16,397.3 1 0
github.com/NortonBen/ai-memory-go/vector/embedders/onnx/onnx_embedder.go:398.2,408.16 3 1
github.com/NortonBen/ai-memory-go/vector/embedders/onnx/onnx_embedder.go:408.16,410.3 1 0
github.com/NortonBen/ai-memory-go/vector/embedders/onnx/onnx_embedder.go:411.2,413.38 2 1
github.com/NortonBen/ai-memory-go/vector/embedders/onnx/onnx_embedder.go:413.38,415.3 1 0
github.com/NortonBen/ai-memory-go/vector/embedders/onnx/onnx_embedder.go:419.2,420.30 2 1
github.com/NortonBen/ai-memory-go/vector/embedders/onnx/onnx_embedder.go:420.30,421.19 1 1
github.com/NortonBen/ai-memory-go/vector/embedders/onnx/onnx_embedder.go:421.19,423.4 1 1
github.com/NortonBen/ai-memory-go/vector/embedders/onnx/onnx_embedder.go:426.2,428.37 3 1
github.com/NortonBen/ai-memory-go/vector/embedders/onnx/onnx_embedder.go:428.37,430.3 1 0
github.com/NortonBen/ai-memory-go/vector/embedders/onnx/onnx_embedder.go:432.2,435.33 3 1
github.com/NortonBen/ai-memory-go/vector/embedders/onnx/onnx_embedder.go:439.41,441.22 2 1
github.com/NortonBen/ai-memory-go/vector/embedders/onnx/onnx_embedder.go:441.22,443.3 1 1
github.com/NortonBen/ai-memory-go/vector/embedders/onnx/onnx_embedder.go:444.2,445.18 2 1
github.com/NortonBen/ai-memory-go/vector/embedders/onnx/onnx_embedder.go:445.18,447.3 1 0
github.com/NortonBen/ai-memory-go/vector/embedders/onnx/onnx_embedder.go:448.2,449.19 2 1
github.com/NortonBen/ai-memory-go/vector/embedders/onnx/onnx_embedder.go:449.19,451.3 1 1
github.com/NortonBen/ai-memory-go/vector/embedders/onnx/onnx_embedder.go:452.2,452.10 1 1
github.com/NortonBen/ai-memory-go/vector/embedders/onnx/ort_provider.go:59.46,60.47 1 1
github.com/NortonBen/ai-memory-go/vector/embedders/onnx/ort_provider.go:60.47,62.3 1 0
github.com/NortonBen/ai-memory-go/vector/embedders/onnx/ort_provider.go:64.2,64.70 1 1
github.com/NortonBen/ai-memory-go/vector/embedders/onnx/ort_provider.go:64.70,66.3 1 0
github.com/NortonBen/ai-memory-go/vector/embedders/onnx/ort_provider.go:67.2,67.64 1 1
github.com/NortonBen/ai-memory-go/vector/embedders/onnx/ort_provider.go:67.64,69.3 1 0
github.com/NortonBen/ai-memory-go/vector/embedders/onnx/ort_provider.go:70.2,70.14 1 1
github.com/NortonBen/ai-memory-go/vector/embedders/onnx/ort_provider.go:76.97,77.18 1 1
github.com/NortonBen/ai-memory-go/vector/embedders/onnx/ort_provider.go:78.16,79.31 1 0
github.com/NortonBen/ai-memory-go/vector/embedders/onnx/ort_provider.go:79.31,82.4 2 0
github.com/NortonBen/ai-memory-go/vector/embedders/onnx/ort_provider.go:85.3,85.63 1 0
github.com/NortonBen/ai-memory-go/vector/embedders/onnx/ort_provider.go:85.63,88.4 2 0
github.com/NortonBen/ai-memory-go/vector/embedders/onnx/ort_provider.go:89.3,89.23 1 0
github.com/NortonBen/ai-memory-go/vector/embedders/onnx/ort_provider.go:91.14,93.17 2 0
github.com/NortonBen/ai-memory-go/vector/embedders/onnx/ort_provider.go:93.17,96.4 2 0
github.com/NortonBen/ai-memory-go/vector/embedders/onnx/ort_provider.go:97.3,98.68 2 0
github.com/NortonBen/ai-memory-go/vector/embedders/onnx/ort_provider.go:98.68,101.4 2 0
github.com/NortonBen/ai-memory-go/vector/embedders/onnx/ort_provider.go:102.3,102.21 1 0
github.com/NortonBen/ai-memory-go/vector/embedders/onnx/ort_provider.go:104.17,105.20 1 1
github.com/NortonBen/ai-memory-go/vector/embedders/onnx/ort_provider.go:107.14,108.23 1 0
github.com/NortonBen/ai-memory-go/vector/embedders/onnx/ort_provider.go:109.17,110.64 1 0
github.com/NortonBen/ai-memory-go/vector/embedders/onnx/ort_provider.go:110.64,112.5 1 0
github.com/NortonBen/ai-memory-go/vector/embedders/onnx/ort_provider.go:113.11,115.18 2 0
github.com/NortonBen/ai-memory-go/vector/embedders/onnx/ort_provider.go:115.18,117.70 2 0
github.com/NortonBen/ai-memory-go/vector/embedders/onnx/ort_provider.go:117.70,119.6 1 0
github.com/NortonBen/ai-memory-go/vector/embedders/onnx/ort_provider.go:122.3,122.20 1 0
github.com/NortonBen/ai-memory-go/vector/embedders/onnx/ort_provider.go:124.10,125.105 1 0
github.com/NortonBen/ai-memory-go/vector/embedders/onnx/tokenizer.go:53.60,55.16 2 1
github.com/NortonBen/ai-memory-go/vector/embedders/onnx/tokenizer.go:55.16,57.3 1 0
github.com/NortonBen/ai-memory-go/vector/embedders/onnx/tokenizer.go:58.2,58.35 1 1
github.com/NortonBen/ai-memory-go/vector/embedders/onnx/tokenizer.go:62.60,64.50 2 1
github.com/NortonBen/ai-memory-go/vector/embedders/onnx/tokenizer.go:64.50,66.3 1 0
github.com/NortonBen/ai-memory-go/vector/embedders/onnx/tokenizer.go:68.2,69.16 2 1
github.com/NortonBen/ai-memory-go/vector/embedders/onnx/tokenizer.go:69.16,71.3 1 0
github.com/NortonBen/ai-memory-go/vector/embedders/onnx/tokenizer.go:73.2,74.31 2 1
github.com/NortonBen/ai-memory-go/vector/embedders/onnx/tokenizer.go:74.31,76.3 1 1
github.com/NortonBen/ai-memory-go/vector/embedders/onnx/tokenizer.go:78.2,79.38 2 1
github.com/NortonBen/ai-memory-go/vector/embedders/onnx/tokenizer.go:79.38,81.3 1 1
github.com/NortonBen/ai-memory-go/vector/embedders/onnx/tokenizer.go:83.2,84.36 2 1
github.com/NortonBen/ai-memory-go/vector/embedders/onnx/tokenizer.go:84.36,88.3 3 1
github.com/NortonBen/ai-memory-go/vector/embedders/onnx/tokenizer.go:90.2,95.8 1 1
github.com/NortonBen/ai-memory-go/vector/embedders/onnx/tokenizer.go:101.60,102.19 1 1
github.com/NortonBen/ai-memory-go/vector/embedders/onnx/tokenizer.go:102.19,104.3 1 0
github.com/NortonBen/ai-memory-go/vector/embedders/onnx/tokenizer.go:107.2,108.51 2 1
github.com/NortonBen/ai-memory-go/vector/embedders/onnx/tokenizer.go:108.51,110.29 2 1
github.com/NortonBen/ai-memory-go/vector/embedders/onnx/tokenizer.go:110.29,111.22 1 1
github.com/NortonBen/ai-memory-go/vector/embedders/onnx/tokenizer.go:111.22,113.5 1 1
github.com/NortonBen/ai-memory-go/vector/embedders/onnx/tokenizer.go:115.3,115.21 1 1
github.com/NortonBen/ai-memory-go/vector/embedders/onnx/tokenizer.go:119.2,120.53 2 0
github.com/NortonBen/ai-memory-go/vector/embedders/onnx/tokenizer.go:120.53,122.3 1 0
github.com/NortonBen/ai-memory-go/vector/embedders/onnx/tokenizer.go:123.2,124.27 2 0
github.com/NortonBen/ai-memory-go/vector/embedders/onnx/tokenizer.go:124.27,126.22 2 0
github.com/NortonBen/ai-memory-go/vector/embedders/onnx/tokenizer.go:126.22,128.4 1 0
github.com/NortonBen/ai-memory-go/vector/embedders/onnx/tokenizer.go:130.2,130.20 1 0
github.com/NortonBen/ai-memory-go/vector/embedders/onnx/tokenizer.go:136.70,140.12 3 1
github.com/NortonBen/ai-memory-go/vector/embedders/onnx/tokenizer.go:140.12,142.3 1 1
github.com/NortonBen/ai-memory-go/vector/embedders/onnx/tokenizer.go:143.2,143.25 1 1
github.com/NortonBen/ai-memory-go/vector/embedders/onnx/tokenizer.go:143.25,145.3 1 1
github.com/NortonBen/ai-memory-go/vector/embedders/onnx/tokenizer.go:146.2,146.12 1 1
github.com/NortonBen/ai-memory-go/vector/embedders/onnx/tokenizer.go:146.12,148.3 1 1
github.com/NortonBen/ai-memory-go/vector/embedders/onnx/tokenizer.go:149.2,149.15 1 1
github.com/NortonBen/ai-memory-go/vector/embedders/onnx/tokenizer.go:153.50,158.29 3 1
github.com/NortonBen/ai-memory-go/vector/embedders/onnx/tokenizer.go:158.29,161.30 3 1
github.com/NortonBen/ai-memory-go/vector/embedders/onnx/tokenizer.go:161.30,162.34 1 1
github.com/NortonBen/ai-memory-go/vector/embedders/onnx/tokenizer.go:162.34,164.5 1 1
github.com/NortonBen/ai-memory-go/vector/embedders/onnx/tokenizer.go:164.10,166.35 1 0
github.com/NortonBen/ai-memory-go/vector/embedders/onnx/tokenizer.go:166.35,168.43 2 0
github.com/NortonBen/ai-memory-go/vector/embedders/onnx/tokenizer.go:168.43,170.7 1 0
github.com/NortonBen/ai-memory-go/vector/embedders/onnx/tokenizer.go:170.12,172.7 1 0
github.com/NortonBen/ai-memory-go/vector/embedders/onnx/tokenizer.go:177.2,177.12 1 1
github.com/NortonBen/ai-memory-go/vector/embedders/onnx/tokenizer.go:181.57,182.23 1 1
github.com/NortonBen/ai-memory-go/vector/embedders/onnx/tokenizer.go:182.23,184.3 1 0
github.com/NortonBen/ai-memory-go/vector/embedders/onnx/tokenizer.go:186.2,186.6 1 1
github.com/NortonBen/ai-memory-go/vector/embedders/onnx/tokenizer.go:186.6,189.39 3 1
github.com/NortonBen/ai-memory-go/vector/embedders/onnx/tokenizer.go:189.39,191.51 2 1
github.com/NortonBen/ai-memory-go/vector/embedders/onnx/tokenizer.go:191.51,194.5 2 1
github.com/NortonBen/ai-memory-go/vector/embedders/onnx/tokenizer.go:196.3,196.20 1 1
github.com/NortonBen/ai-memory-go/vector/embedders/onnx/tokenizer.go:196.20,197.9 1 1
github.com/NortonBen/ai-memory-go/vector/embedders/onnx/tokenizer.go:199.3,204.19 6 1
github.com/NortonBen/ai-memory-go/vector/embedders/onnx/tokenizer.go:206.2,206.16 1 1
github.com/NortonBen/ai-memory-go/vector/embedders/onnx/tokenizer.go:210.40,215.26 4 1
github.com/NortonBen/ai-memory-go/vector/embedders/onnx/tokenizer.go:215.26,216.24 1 1
github.com/NortonBen/ai-memory-go/vector/embedders/onnx/tokenizer.go:216.24,217.21 1 1
github.com/NortonBen/ai-memory-go/vector/embedders/onnx/tokenizer.go:217.21,220.5 2 1
github.com/NortonBen/ai-memory-go/vector/embedders/onnx/tokenizer.go:221.4,221.24 1 1
github.com/NortonBen/ai-memory-go/vector/embedders/onnx/tokenizer.go:222.9,222.36 1 1
github.com/NortonBen/ai-memory-go/vector/embedders/onnx/tokenizer.go:222.36,223.21 1 1
github.com/NortonBen/ai-memory-go/vector/embedders/onnx/tokenizer.go:223.21,226.5 2 1
github.com/NortonBen/ai-memory-go/vector/embedders/onnx/tokenizer.go:227.4,227.17 1 1
github.com/NortonBen/ai-memory-go/vector/embedders/onnx/tokenizer.go:227.17,229.5 1 1
github.com/NortonBen/ai-memory-go/vector/embedders/onnx/tokenizer.go:230.9,232.4 1 1
github.com/NortonBen/ai-memory-go/vector/embedders/onnx/tokenizer.go:233.3,233.22 1 1
github.com/NortonBen/ai-memory-go/vector/embedders/onnx/tokenizer.go:235.2,235.19 1 1
github.com/NortonBen/ai-memory-go/vector/embedders/onnx/tokenizer.go:235.19,237.3 1 1
github.com/NortonBen/ai-memory-go/vector/embedders/onnx/tokenizer.go:238.2,238.14 1 1
github.com/NortonBen/ai-memory-go/vector/embedders/onnx/tokenizer.go:242.41,244.25 2 1
github.com/NortonBen/ai-memory-go/vector/embedders/onnx/tokenizer.go:244.25,246.3 1 1
github.com/NortonBen/ai-memory-go/vector/embedders/onnx/tokenizer.go:247.2,247.14 1 1
github.com/NortonBen/ai-memory-go/vector/embedders/onnx/tokenizer.go:251.31,253.2 1 0
github.com/NortonBen/ai-memory-go/vector/embedders/onnx/tokenizer.go:256.84,258.21 2 1
github.com/NortonBen/ai-memory-go/vector/embedders/onnx/tokenizer.go:258.21,261.3 2 0
github.com/NortonBen/ai-memory-go/vector/embedders/onnx/tokenizer.go:263.2,266.30 4 1
github.com/NortonBen/ai-memory-go/vector/embedders/onnx/tokenizer.go:266.30,268.3 1 1
github.com/NortonBen/ai-memory-go/vector/embedders/onnx/tokenizer.go:269.2,269.35 1 1
github.com/NortonBen/ai-memory-go/vector/embedders/onnx/tokenizer.go:269.35,272.3 2 1
github.com/NortonBen/ai-memory-go/vector/embedders/onnx/tokenizer.go:273.2,273.24 1 1
github.com/NortonBen/ai-memory-go/vector/embedders/onnx/tokenizer.go:278.53,279.16 1 1
github.com/NortonBen/ai-memory-go/vector/embedders/onnx/tokenizer.go:279.16,281.3 1 1
github.com/NortonBen/ai-memory-go/vector/embedders/onnx/tokenizer.go:282.2,282.50 1 1
